{"E:\\useful\\nci_4\\Project\\collaborative-editor\\backend\\auth\\auth.js": {"path":"E:\\useful\\nci_4\\Project\\collaborative-editor\\backend\\auth\\auth.js","statementMap":{"0":{"start":{"line":1,"column":15},"end":{"line":1,"column":32}},"1":{"start":{"line":2,"column":41},"end":{"line":2,"column":62}},"2":{"start":{"line":4,"column":19},"end":{"line":4,"column":83}},"3":{"start":{"line":7,"column":19},"end":{"line":7,"column":98}},"4":{"start":{"line":8,"column":27},"end":{"line":8,"column":85}},"5":{"start":{"line":9,"column":22},"end":{"line":12,"column":28}},"6":{"start":{"line":14,"column":4},"end":{"line":14,"column":54}},"7":{"start":{"line":18,"column":4},"end":{"line":30,"column":5}},"8":{"start":{"line":19,"column":45},"end":{"line":19,"column":61}},"9":{"start":{"line":20,"column":34},"end":{"line":23,"column":32}},"10":{"start":{"line":25,"column":8},"end":{"line":25,"column":57}},"11":{"start":{"line":25,"column":45},"end":{"line":25,"column":57}},"12":{"start":{"line":26,"column":8},"end":{"line":26,"column":72}},"13":{"start":{"line":28,"column":8},"end":{"line":28,"column":58}},"14":{"start":{"line":29,"column":8},"end":{"line":29,"column":20}},"15":{"start":{"line":34,"column":4},"end":{"line":77,"column":5}},"16":{"start":{"line":35,"column":8},"end":{"line":35,"column":62}},"17":{"start":{"line":36,"column":8},"end":{"line":36,"column":103}},"18":{"start":{"line":38,"column":21},"end":{"line":38,"column":68}},"19":{"start":{"line":40,"column":8},"end":{"line":43,"column":9}},"20":{"start":{"line":41,"column":12},"end":{"line":41,"column":72}},"21":{"start":{"line":42,"column":12},"end":{"line":42,"column":63}},"22":{"start":{"line":45,"column":8},"end":{"line":45,"column":57}},"23":{"start":{"line":46,"column":8},"end":{"line":46,"column":71}},"24":{"start":{"line":47,"column":8},"end":{"line":49,"column":76}},"25":{"start":{"line":51,"column":8},"end":{"line":51,"column":69}},"26":{"start":{"line":52,"column":32},"end":{"line":52,"column":77}},"27":{"start":{"line":53,"column":8},"end":{"line":53,"column":74}},"28":{"start":{"line":55,"column":8},"end":{"line":60,"column":9}},"29":{"start":{"line":56,"column":12},"end":{"line":56,"column":81}},"30":{"start":{"line":57,"column":12},"end":{"line":57,"column":64}},"31":{"start":{"line":58,"column":12},"end":{"line":58,"column":66}},"32":{"start":{"line":59,"column":12},"end":{"line":59,"column":65}},"33":{"start":{"line":62,"column":8},"end":{"line":62,"column":81}},"34":{"start":{"line":63,"column":22},"end":{"line":66,"column":10}},"35":{"start":{"line":68,"column":8},"end":{"line":72,"column":10}},"36":{"start":{"line":74,"column":8},"end":{"line":74,"column":64}},"37":{"start":{"line":75,"column":8},"end":{"line":75,"column":61}},"38":{"start":{"line":76,"column":8},"end":{"line":76,"column":66}},"39":{"start":{"line":81,"column":4},"end":{"line":120,"column":5}},"40":{"start":{"line":82,"column":8},"end":{"line":82,"column":63}},"41":{"start":{"line":84,"column":29},"end":{"line":84,"column":76}},"42":{"start":{"line":85,"column":8},"end":{"line":88,"column":9}},"43":{"start":{"line":86,"column":12},"end":{"line":86,"column":65}},"44":{"start":{"line":87,"column":12},"end":{"line":87,"column":68}},"45":{"start":{"line":90,"column":8},"end":{"line":90,"column":54}},"46":{"start":{"line":91,"column":31},"end":{"line":91,"column":59}},"47":{"start":{"line":92,"column":8},"end":{"line":92,"column":62}},"48":{"start":{"line":93,"column":8},"end":{"line":93,"column":66}},"49":{"start":{"line":95,"column":23},"end":{"line":103,"column":10}},"50":{"start":{"line":105,"column":8},"end":{"line":105,"column":75}},"51":{"start":{"line":106,"column":22},"end":{"line":109,"column":10}},"52":{"start":{"line":111,"column":8},"end":{"line":115,"column":10}},"53":{"start":{"line":117,"column":8},"end":{"line":117,"column":62}},"54":{"start":{"line":118,"column":8},"end":{"line":118,"column":61}},"55":{"start":{"line":119,"column":8},"end":{"line":119,"column":64}},"56":{"start":{"line":123,"column":0},"end":{"line":128,"column":2}}},"fnMap":{"0":{"name":"generateToken","decl":{"start":{"line":6,"column":9},"end":{"line":6,"column":22}},"loc":{"start":{"line":6,"column":32},"end":{"line":15,"column":1}},"line":6},"1":{"name":"verifyToken","decl":{"start":{"line":17,"column":9},"end":{"line":17,"column":20}},"loc":{"start":{"line":17,"column":28},"end":{"line":31,"column":1}},"line":17},"2":{"name":"authenticateUser","decl":{"start":{"line":33,"column":15},"end":{"line":33,"column":31}},"loc":{"start":{"line":33,"column":53},"end":{"line":78,"column":1}},"line":33},"3":{"name":"registerUser","decl":{"start":{"line":80,"column":15},"end":{"line":80,"column":27}},"loc":{"start":{"line":80,"column":49},"end":{"line":121,"column":1}},"line":80}},"branchMap":{"0":{"loc":{"start":{"line":4,"column":19},"end":{"line":4,"column":83}},"type":"binary-expr","locations":[{"start":{"line":4,"column":19},"end":{"line":4,"column":41}},{"start":{"line":4,"column":45},"end":{"line":4,"column":83}}],"line":4},"1":{"loc":{"start":{"line":25,"column":8},"end":{"line":25,"column":57}},"type":"if","locations":[{"start":{"line":25,"column":8},"end":{"line":25,"column":57}},{"start":{},"end":{}}],"line":25},"2":{"loc":{"start":{"line":40,"column":8},"end":{"line":43,"column":9}},"type":"if","locations":[{"start":{"line":40,"column":8},"end":{"line":43,"column":9}},{"start":{},"end":{}}],"line":40},"3":{"loc":{"start":{"line":47,"column":50},"end":{"line":49,"column":74}},"type":"cond-expr","locations":[{"start":{"line":47,"column":85},"end":{"line":47,"column":93}},{"start":{"line":48,"column":19},"end":{"line":49,"column":74}}],"line":47},"4":{"loc":{"start":{"line":48,"column":19},"end":{"line":49,"column":74}},"type":"cond-expr","locations":[{"start":{"line":48,"column":54},"end":{"line":48,"column":62}},{"start":{"line":49,"column":19},"end":{"line":49,"column":74}}],"line":48},"5":{"loc":{"start":{"line":49,"column":19},"end":{"line":49,"column":74}},"type":"cond-expr","locations":[{"start":{"line":49,"column":54},"end":{"line":49,"column":62}},{"start":{"line":49,"column":65},"end":{"line":49,"column":74}}],"line":49},"6":{"loc":{"start":{"line":55,"column":8},"end":{"line":60,"column":9}},"type":"if","locations":[{"start":{"line":55,"column":8},"end":{"line":60,"column":9}},{"start":{},"end":{}}],"line":55},"7":{"loc":{"start":{"line":85,"column":8},"end":{"line":88,"column":9}},"type":"if","locations":[{"start":{"line":85,"column":8},"end":{"line":88,"column":9}},{"start":{},"end":{}}],"line":85}},"s":{"0":1,"1":1,"2":1,"3":3,"4":3,"5":3,"6":3,"7":4,"8":4,"9":4,"10":4,"11":3,"12":1,"13":0,"14":0,"15":0,"16":0,"17":0,"18":0,"19":0,"20":0,"21":0,"22":0,"23":0,"24":0,"25":0,"26":0,"27":0,"28":0,"29":0,"30":0,"31":0,"32":0,"33":0,"34":0,"35":0,"36":0,"37":0,"38":0,"39":0,"40":0,"41":0,"42":0,"43":0,"44":0,"45":0,"46":0,"47":0,"48":0,"49":0,"50":0,"51":0,"52":0,"53":0,"54":0,"55":0,"56":1},"f":{"0":3,"1":4,"2":0,"3":0},"b":{"0":[1,1],"1":[3,1],"2":[0,0],"3":[0,0],"4":[0,0],"5":[0,0],"6":[0,0],"7":[0,0]},"_coverageSchema":"1a1c01bbd47fc00a2c39e90264f33305004495a9","hash":"7c6907efe21003689e0cc1155f46398b1228707b"}
,"E:\\useful\\nci_4\\Project\\collaborative-editor\\backend\\auth\\password.js": {"path":"E:\\useful\\nci_4\\Project\\collaborative-editor\\backend\\auth\\password.js","statementMap":{"0":{"start":{"line":1,"column":15},"end":{"line":1,"column":32}},"1":{"start":{"line":4,"column":4},"end":{"line":10,"column":7}},"2":{"start":{"line":5,"column":21},"end":{"line":5,"column":59}},"3":{"start":{"line":6,"column":8},"end":{"line":9,"column":11}},"4":{"start":{"line":7,"column":12},"end":{"line":7,"column":33}},"5":{"start":{"line":7,"column":21},"end":{"line":7,"column":33}},"6":{"start":{"line":8,"column":12},"end":{"line":8,"column":61}},"7":{"start":{"line":14,"column":4},"end":{"line":20,"column":7}},"8":{"start":{"line":15,"column":28},"end":{"line":15,"column":43}},"9":{"start":{"line":16,"column":8},"end":{"line":19,"column":11}},"10":{"start":{"line":17,"column":12},"end":{"line":17,"column":33}},"11":{"start":{"line":17,"column":21},"end":{"line":17,"column":33}},"12":{"start":{"line":18,"column":12},"end":{"line":18,"column":56}},"13":{"start":{"line":23,"column":0},"end":{"line":26,"column":2}}},"fnMap":{"0":{"name":"hashPassword","decl":{"start":{"line":3,"column":15},"end":{"line":3,"column":27}},"loc":{"start":{"line":3,"column":38},"end":{"line":11,"column":1}},"line":3},"1":{"name":"(anonymous_1)","decl":{"start":{"line":4,"column":23},"end":{"line":4,"column":24}},"loc":{"start":{"line":4,"column":44},"end":{"line":10,"column":5}},"line":4},"2":{"name":"(anonymous_2)","decl":{"start":{"line":6,"column":60},"end":{"line":6,"column":61}},"loc":{"start":{"line":6,"column":81},"end":{"line":9,"column":9}},"line":6},"3":{"name":"verifyPassword","decl":{"start":{"line":13,"column":15},"end":{"line":13,"column":29}},"loc":{"start":{"line":13,"column":46},"end":{"line":21,"column":1}},"line":13},"4":{"name":"(anonymous_4)","decl":{"start":{"line":14,"column":23},"end":{"line":14,"column":24}},"loc":{"start":{"line":14,"column":44},"end":{"line":20,"column":5}},"line":14},"5":{"name":"(anonymous_5)","decl":{"start":{"line":16,"column":60},"end":{"line":16,"column":61}},"loc":{"start":{"line":16,"column":81},"end":{"line":19,"column":9}},"line":16}},"branchMap":{"0":{"loc":{"start":{"line":7,"column":12},"end":{"line":7,"column":33}},"type":"if","locations":[{"start":{"line":7,"column":12},"end":{"line":7,"column":33}},{"start":{},"end":{}}],"line":7},"1":{"loc":{"start":{"line":17,"column":12},"end":{"line":17,"column":33}},"type":"if","locations":[{"start":{"line":17,"column":12},"end":{"line":17,"column":33}},{"start":{},"end":{}}],"line":17}},"s":{"0":1,"1":6,"2":6,"3":6,"4":6,"5":0,"6":6,"7":2,"8":2,"9":2,"10":2,"11":0,"12":2,"13":1},"f":{"0":6,"1":6,"2":6,"3":2,"4":2,"5":2},"b":{"0":[0,6],"1":[0,2]},"_coverageSchema":"1a1c01bbd47fc00a2c39e90264f33305004495a9","hash":"2a5f3ede6c8dab7e69ac8cfc92913ec173da965b"}
,"E:\\useful\\nci_4\\Project\\collaborative-editor\\backend\\routes\\analytics.js": {"path":"E:\\useful\\nci_4\\Project\\collaborative-editor\\backend\\routes\\analytics.js","statementMap":{"0":{"start":{"line":1,"column":22},"end":{"line":1,"column":55}},"1":{"start":{"line":2,"column":24},"end":{"line":2,"column":47}},"2":{"start":{"line":3,"column":21},"end":{"line":3,"column":39}},"3":{"start":{"line":6,"column":28},"end":{"line":6,"column":31}},"4":{"start":{"line":9,"column":23},"end":{"line":9,"column":48}},"5":{"start":{"line":10,"column":4},"end":{"line":14,"column":5}},"6":{"start":{"line":11,"column":8},"end":{"line":11,"column":67}},"7":{"start":{"line":12,"column":8},"end":{"line":12,"column":70}},"8":{"start":{"line":13,"column":8},"end":{"line":13,"column":15}},"9":{"start":{"line":16,"column":18},"end":{"line":16,"column":42}},"10":{"start":{"line":17,"column":20},"end":{"line":17,"column":38}},"11":{"start":{"line":18,"column":4},"end":{"line":22,"column":5}},"12":{"start":{"line":19,"column":8},"end":{"line":19,"column":67}},"13":{"start":{"line":20,"column":8},"end":{"line":20,"column":60}},"14":{"start":{"line":21,"column":8},"end":{"line":21,"column":15}},"15":{"start":{"line":24,"column":4},"end":{"line":35,"column":5}},"16":{"start":{"line":25,"column":27},"end":{"line":25,"column":47}},"17":{"start":{"line":26,"column":8},"end":{"line":26,"column":61}},"18":{"start":{"line":27,"column":11},"end":{"line":35,"column":5}},"19":{"start":{"line":28,"column":8},"end":{"line":28,"column":59}},"20":{"start":{"line":29,"column":11},"end":{"line":35,"column":5}},"21":{"start":{"line":30,"column":27},"end":{"line":30,"column":47}},"22":{"start":{"line":31,"column":8},"end":{"line":31,"column":68}},"23":{"start":{"line":33,"column":8},"end":{"line":33,"column":67}},"24":{"start":{"line":34,"column":8},"end":{"line":34,"column":75}},"25":{"start":{"line":39,"column":4},"end":{"line":66,"column":5}},"26":{"start":{"line":40,"column":25},"end":{"line":42,"column":10}},"27":{"start":{"line":44,"column":8},"end":{"line":48,"column":9}},"28":{"start":{"line":45,"column":12},"end":{"line":45,"column":71}},"29":{"start":{"line":46,"column":12},"end":{"line":46,"column":69}},"30":{"start":{"line":47,"column":12},"end":{"line":47,"column":19}},"31":{"start":{"line":50,"column":34},"end":{"line":50,"column":80}},"32":{"start":{"line":52,"column":25},"end":{"line":58,"column":9}},"33":{"start":{"line":60,"column":8},"end":{"line":60,"column":67}},"34":{"start":{"line":61,"column":8},"end":{"line":61,"column":42}},"35":{"start":{"line":63,"column":8},"end":{"line":63,"column":62}},"36":{"start":{"line":64,"column":8},"end":{"line":64,"column":67}},"37":{"start":{"line":65,"column":8},"end":{"line":65,"column":81}},"38":{"start":{"line":70,"column":4},"end":{"line":101,"column":5}},"39":{"start":{"line":71,"column":21},"end":{"line":71,"column":46}},"40":{"start":{"line":72,"column":49},"end":{"line":72,"column":65}},"41":{"start":{"line":74,"column":8},"end":{"line":78,"column":9}},"42":{"start":{"line":75,"column":12},"end":{"line":75,"column":71}},"43":{"start":{"line":76,"column":12},"end":{"line":76,"column":91}},"44":{"start":{"line":77,"column":12},"end":{"line":77,"column":19}},"45":{"start":{"line":80,"column":25},"end":{"line":87,"column":9}},"46":{"start":{"line":89,"column":23},"end":{"line":89,"column":75}},"47":{"start":{"line":91,"column":8},"end":{"line":91,"column":67}},"48":{"start":{"line":92,"column":8},"end":{"line":96,"column":12}},"49":{"start":{"line":98,"column":8},"end":{"line":98,"column":55}},"50":{"start":{"line":99,"column":8},"end":{"line":99,"column":67}},"51":{"start":{"line":100,"column":8},"end":{"line":100,"column":72}},"52":{"start":{"line":105,"column":4},"end":{"line":123,"column":5}},"53":{"start":{"line":106,"column":25},"end":{"line":109,"column":10}},"54":{"start":{"line":111,"column":8},"end":{"line":115,"column":9}},"55":{"start":{"line":112,"column":12},"end":{"line":112,"column":71}},"56":{"start":{"line":113,"column":12},"end":{"line":113,"column":69}},"57":{"start":{"line":114,"column":12},"end":{"line":114,"column":19}},"58":{"start":{"line":117,"column":8},"end":{"line":117,"column":67}},"59":{"start":{"line":118,"column":8},"end":{"line":118,"column":42}},"60":{"start":{"line":120,"column":8},"end":{"line":120,"column":52}},"61":{"start":{"line":121,"column":8},"end":{"line":121,"column":67}},"62":{"start":{"line":122,"column":8},"end":{"line":122,"column":71}},"63":{"start":{"line":127,"column":4},"end":{"line":136,"column":7}},"64":{"start":{"line":128,"column":19},"end":{"line":128,"column":21}},"65":{"start":{"line":129,"column":8},"end":{"line":131,"column":11}},"66":{"start":{"line":130,"column":12},"end":{"line":130,"column":37}},"67":{"start":{"line":132,"column":8},"end":{"line":134,"column":11}},"68":{"start":{"line":133,"column":12},"end":{"line":133,"column":26}},"69":{"start":{"line":135,"column":8},"end":{"line":135,"column":32}},"70":{"start":{"line":139,"column":0},"end":{"line":141,"column":2}}},"fnMap":{"0":{"name":"handleAnalyticsRoutes","decl":{"start":{"line":5,"column":15},"end":{"line":5,"column":36}},"loc":{"start":{"line":5,"column":51},"end":{"line":36,"column":1}},"line":5},"1":{"name":"getVisualizationData","decl":{"start":{"line":38,"column":15},"end":{"line":38,"column":35}},"loc":{"start":{"line":38,"column":62},"end":{"line":67,"column":1}},"line":38},"2":{"name":"createTemplate","decl":{"start":{"line":69,"column":15},"end":{"line":69,"column":29}},"loc":{"start":{"line":69,"column":52},"end":{"line":102,"column":1}},"line":69},"3":{"name":"getTemplate","decl":{"start":{"line":104,"column":15},"end":{"line":104,"column":26}},"loc":{"start":{"line":104,"column":61},"end":{"line":124,"column":1}},"line":104},"4":{"name":"getRequestBody","decl":{"start":{"line":126,"column":9},"end":{"line":126,"column":23}},"loc":{"start":{"line":126,"column":29},"end":{"line":137,"column":1}},"line":126},"5":{"name":"(anonymous_5)","decl":{"start":{"line":127,"column":23},"end":{"line":127,"column":24}},"loc":{"start":{"line":127,"column":44},"end":{"line":136,"column":5}},"line":127},"6":{"name":"(anonymous_6)","decl":{"start":{"line":129,"column":23},"end":{"line":129,"column":24}},"loc":{"start":{"line":129,"column":32},"end":{"line":131,"column":9}},"line":129},"7":{"name":"(anonymous_7)","decl":{"start":{"line":132,"column":22},"end":{"line":132,"column":23}},"loc":{"start":{"line":132,"column":28},"end":{"line":134,"column":9}},"line":132}},"branchMap":{"0":{"loc":{"start":{"line":10,"column":4},"end":{"line":14,"column":5}},"type":"if","locations":[{"start":{"line":10,"column":4},"end":{"line":14,"column":5}},{"start":{},"end":{}}],"line":10},"1":{"loc":{"start":{"line":10,"column":8},"end":{"line":10,"column":56}},"type":"binary-expr","locations":[{"start":{"line":10,"column":8},"end":{"line":10,"column":19}},{"start":{"line":10,"column":23},"end":{"line":10,"column":56}}],"line":10},"2":{"loc":{"start":{"line":18,"column":4},"end":{"line":22,"column":5}},"type":"if","locations":[{"start":{"line":18,"column":4},"end":{"line":22,"column":5}},{"start":{},"end":{}}],"line":18},"3":{"loc":{"start":{"line":24,"column":4},"end":{"line":35,"column":5}},"type":"if","locations":[{"start":{"line":24,"column":4},"end":{"line":35,"column":5}},{"start":{"line":27,"column":11},"end":{"line":35,"column":5}}],"line":24},"4":{"loc":{"start":{"line":24,"column":8},"end":{"line":24,"column":75}},"type":"binary-expr","locations":[{"start":{"line":24,"column":8},"end":{"line":24,"column":24}},{"start":{"line":24,"column":28},"end":{"line":24,"column":75}}],"line":24},"5":{"loc":{"start":{"line":27,"column":11},"end":{"line":35,"column":5}},"type":"if","locations":[{"start":{"line":27,"column":11},"end":{"line":35,"column":5}},{"start":{"line":29,"column":11},"end":{"line":35,"column":5}}],"line":27},"6":{"loc":{"start":{"line":27,"column":15},"end":{"line":27,"column":70}},"type":"binary-expr","locations":[{"start":{"line":27,"column":15},"end":{"line":27,"column":32}},{"start":{"line":27,"column":36},"end":{"line":27,"column":70}}],"line":27},"7":{"loc":{"start":{"line":29,"column":11},"end":{"line":35,"column":5}},"type":"if","locations":[{"start":{"line":29,"column":11},"end":{"line":35,"column":5}},{"start":{"line":32,"column":11},"end":{"line":35,"column":5}}],"line":29},"8":{"loc":{"start":{"line":29,"column":15},"end":{"line":29,"column":78}},"type":"binary-expr","locations":[{"start":{"line":29,"column":15},"end":{"line":29,"column":31}},{"start":{"line":29,"column":35},"end":{"line":29,"column":78}}],"line":29},"9":{"loc":{"start":{"line":44,"column":8},"end":{"line":48,"column":9}},"type":"if","locations":[{"start":{"line":44,"column":8},"end":{"line":48,"column":9}},{"start":{},"end":{}}],"line":44},"10":{"loc":{"start":{"line":74,"column":8},"end":{"line":78,"column":9}},"type":"if","locations":[{"start":{"line":74,"column":8},"end":{"line":78,"column":9}},{"start":{},"end":{}}],"line":74},"11":{"loc":{"start":{"line":74,"column":12},"end":{"line":74,"column":31}},"type":"binary-expr","locations":[{"start":{"line":74,"column":12},"end":{"line":74,"column":17}},{"start":{"line":74,"column":21},"end":{"line":74,"column":31}}],"line":74},"12":{"loc":{"start":{"line":83,"column":25},"end":{"line":83,"column":42}},"type":"binary-expr","locations":[{"start":{"line":83,"column":25},"end":{"line":83,"column":36}},{"start":{"line":83,"column":40},"end":{"line":83,"column":42}}],"line":83},"13":{"loc":{"start":{"line":111,"column":8},"end":{"line":115,"column":9}},"type":"if","locations":[{"start":{"line":111,"column":8},"end":{"line":115,"column":9}},{"start":{},"end":{}}],"line":111}},"s":{"0":0,"1":0,"2":0,"3":0,"4":0,"5":0,"6":0,"7":0,"8":0,"9":0,"10":0,"11":0,"12":0,"13":0,"14":0,"15":0,"16":0,"17":0,"18":0,"19":0,"20":0,"21":0,"22":0,"23":0,"24":0,"25":0,"26":0,"27":0,"28":0,"29":0,"30":0,"31":0,"32":0,"33":0,"34":0,"35":0,"36":0,"37":0,"38":0,"39":0,"40":0,"41":0,"42":0,"43":0,"44":0,"45":0,"46":0,"47":0,"48":0,"49":0,"50":0,"51":0,"52":0,"53":0,"54":0,"55":0,"56":0,"57":0,"58":0,"59":0,"60":0,"61":0,"62":0,"63":0,"64":0,"65":0,"66":0,"67":0,"68":0,"69":0,"70":0},"f":{"0":0,"1":0,"2":0,"3":0,"4":0,"5":0,"6":0,"7":0},"b":{"0":[0,0],"1":[0,0],"2":[0,0],"3":[0,0],"4":[0,0],"5":[0,0],"6":[0,0],"7":[0,0],"8":[0,0],"9":[0,0],"10":[0,0],"11":[0,0],"12":[0,0],"13":[0,0]}}
,"E:\\useful\\nci_4\\Project\\collaborative-editor\\backend\\routes\\auth.js": {"path":"E:\\useful\\nci_4\\Project\\collaborative-editor\\backend\\routes\\auth.js","statementMap":{"0":{"start":{"line":1,"column":43},"end":{"line":1,"column":66}},"1":{"start":{"line":4,"column":28},"end":{"line":4,"column":31}},"2":{"start":{"line":6,"column":4},"end":{"line":15,"column":5}},"3":{"start":{"line":7,"column":8},"end":{"line":7,"column":40}},"4":{"start":{"line":8,"column":11},"end":{"line":15,"column":5}},"5":{"start":{"line":9,"column":8},"end":{"line":9,"column":43}},"6":{"start":{"line":10,"column":11},"end":{"line":15,"column":5}},"7":{"start":{"line":11,"column":8},"end":{"line":11,"column":40}},"8":{"start":{"line":13,"column":8},"end":{"line":13,"column":67}},"9":{"start":{"line":14,"column":8},"end":{"line":14,"column":80}},"10":{"start":{"line":19,"column":4},"end":{"line":49,"column":5}},"11":{"start":{"line":20,"column":21},"end":{"line":20,"column":46}},"12":{"start":{"line":21,"column":36},"end":{"line":21,"column":52}},"13":{"start":{"line":23,"column":8},"end":{"line":27,"column":9}},"14":{"start":{"line":24,"column":12},"end":{"line":24,"column":71}},"15":{"start":{"line":25,"column":12},"end":{"line":25,"column":78}},"16":{"start":{"line":26,"column":12},"end":{"line":26,"column":19}},"17":{"start":{"line":29,"column":23},"end":{"line":29,"column":66}},"18":{"start":{"line":31,"column":8},"end":{"line":44,"column":9}},"19":{"start":{"line":32,"column":12},"end":{"line":32,"column":71}},"20":{"start":{"line":33,"column":12},"end":{"line":40,"column":16}},"21":{"start":{"line":42,"column":12},"end":{"line":42,"column":71}},"22":{"start":{"line":43,"column":12},"end":{"line":43,"column":61}},"23":{"start":{"line":46,"column":8},"end":{"line":46,"column":51}},"24":{"start":{"line":47,"column":8},"end":{"line":47,"column":67}},"25":{"start":{"line":48,"column":8},"end":{"line":48,"column":68}},"26":{"start":{"line":53,"column":4},"end":{"line":89,"column":5}},"27":{"start":{"line":54,"column":21},"end":{"line":54,"column":46}},"28":{"start":{"line":55,"column":36},"end":{"line":55,"column":52}},"29":{"start":{"line":57,"column":8},"end":{"line":61,"column":9}},"30":{"start":{"line":58,"column":12},"end":{"line":58,"column":71}},"31":{"start":{"line":59,"column":12},"end":{"line":59,"column":78}},"32":{"start":{"line":60,"column":12},"end":{"line":60,"column":19}},"33":{"start":{"line":63,"column":8},"end":{"line":67,"column":9}},"34":{"start":{"line":64,"column":12},"end":{"line":64,"column":71}},"35":{"start":{"line":65,"column":12},"end":{"line":65,"column":89}},"36":{"start":{"line":66,"column":12},"end":{"line":66,"column":19}},"37":{"start":{"line":69,"column":23},"end":{"line":69,"column":62}},"38":{"start":{"line":71,"column":8},"end":{"line":84,"column":9}},"39":{"start":{"line":72,"column":12},"end":{"line":72,"column":71}},"40":{"start":{"line":73,"column":12},"end":{"line":80,"column":16}},"41":{"start":{"line":82,"column":12},"end":{"line":82,"column":71}},"42":{"start":{"line":83,"column":12},"end":{"line":83,"column":61}},"43":{"start":{"line":86,"column":8},"end":{"line":86,"column":54}},"44":{"start":{"line":87,"column":8},"end":{"line":87,"column":67}},"45":{"start":{"line":88,"column":8},"end":{"line":88,"column":68}},"46":{"start":{"line":93,"column":4},"end":{"line":131,"column":5}},"47":{"start":{"line":94,"column":27},"end":{"line":94,"column":52}},"48":{"start":{"line":95,"column":8},"end":{"line":99,"column":9}},"49":{"start":{"line":96,"column":12},"end":{"line":96,"column":71}},"50":{"start":{"line":97,"column":12},"end":{"line":97,"column":74}},"51":{"start":{"line":98,"column":12},"end":{"line":98,"column":19}},"52":{"start":{"line":101,"column":22},"end":{"line":101,"column":46}},"53":{"start":{"line":102,"column":24},"end":{"line":102,"column":66}},"54":{"start":{"line":104,"column":8},"end":{"line":108,"column":9}},"55":{"start":{"line":105,"column":12},"end":{"line":105,"column":71}},"56":{"start":{"line":106,"column":12},"end":{"line":106,"column":64}},"57":{"start":{"line":107,"column":12},"end":{"line":107,"column":19}},"58":{"start":{"line":110,"column":21},"end":{"line":113,"column":9}},"59":{"start":{"line":115,"column":8},"end":{"line":119,"column":9}},"60":{"start":{"line":116,"column":12},"end":{"line":116,"column":71}},"61":{"start":{"line":117,"column":12},"end":{"line":117,"column":65}},"62":{"start":{"line":118,"column":12},"end":{"line":118,"column":19}},"63":{"start":{"line":121,"column":8},"end":{"line":121,"column":67}},"64":{"start":{"line":122,"column":8},"end":{"line":126,"column":12}},"65":{"start":{"line":128,"column":8},"end":{"line":128,"column":46}},"66":{"start":{"line":129,"column":8},"end":{"line":129,"column":67}},"67":{"start":{"line":130,"column":8},"end":{"line":130,"column":68}},"68":{"start":{"line":135,"column":4},"end":{"line":144,"column":7}},"69":{"start":{"line":136,"column":19},"end":{"line":136,"column":21}},"70":{"start":{"line":137,"column":8},"end":{"line":139,"column":11}},"71":{"start":{"line":138,"column":12},"end":{"line":138,"column":37}},"72":{"start":{"line":140,"column":8},"end":{"line":142,"column":11}},"73":{"start":{"line":141,"column":12},"end":{"line":141,"column":26}},"74":{"start":{"line":143,"column":8},"end":{"line":143,"column":32}},"75":{"start":{"line":147,"column":0},"end":{"line":149,"column":2}}},"fnMap":{"0":{"name":"handleAuthRoutes","decl":{"start":{"line":3,"column":15},"end":{"line":3,"column":31}},"loc":{"start":{"line":3,"column":46},"end":{"line":16,"column":1}},"line":3},"1":{"name":"handleLogin","decl":{"start":{"line":18,"column":15},"end":{"line":18,"column":26}},"loc":{"start":{"line":18,"column":41},"end":{"line":50,"column":1}},"line":18},"2":{"name":"handleRegister","decl":{"start":{"line":52,"column":15},"end":{"line":52,"column":29}},"loc":{"start":{"line":52,"column":44},"end":{"line":90,"column":1}},"line":52},"3":{"name":"handleGetMe","decl":{"start":{"line":92,"column":15},"end":{"line":92,"column":26}},"loc":{"start":{"line":92,"column":41},"end":{"line":132,"column":1}},"line":92},"4":{"name":"getRequestBody","decl":{"start":{"line":134,"column":9},"end":{"line":134,"column":23}},"loc":{"start":{"line":134,"column":29},"end":{"line":145,"column":1}},"line":134},"5":{"name":"(anonymous_5)","decl":{"start":{"line":135,"column":23},"end":{"line":135,"column":24}},"loc":{"start":{"line":135,"column":44},"end":{"line":144,"column":5}},"line":135},"6":{"name":"(anonymous_6)","decl":{"start":{"line":137,"column":23},"end":{"line":137,"column":24}},"loc":{"start":{"line":137,"column":32},"end":{"line":139,"column":9}},"line":137},"7":{"name":"(anonymous_7)","decl":{"start":{"line":140,"column":22},"end":{"line":140,"column":23}},"loc":{"start":{"line":140,"column":28},"end":{"line":142,"column":9}},"line":140}},"branchMap":{"0":{"loc":{"start":{"line":6,"column":4},"end":{"line":15,"column":5}},"type":"if","locations":[{"start":{"line":6,"column":4},"end":{"line":15,"column":5}},{"start":{"line":8,"column":11},"end":{"line":15,"column":5}}],"line":6},"1":{"loc":{"start":{"line":6,"column":8},"end":{"line":6,"column":54}},"type":"binary-expr","locations":[{"start":{"line":6,"column":8},"end":{"line":6,"column":25}},{"start":{"line":6,"column":29},"end":{"line":6,"column":54}}],"line":6},"2":{"loc":{"start":{"line":8,"column":11},"end":{"line":15,"column":5}},"type":"if","locations":[{"start":{"line":8,"column":11},"end":{"line":15,"column":5}},{"start":{"line":10,"column":11},"end":{"line":15,"column":5}}],"line":8},"3":{"loc":{"start":{"line":8,"column":15},"end":{"line":8,"column":64}},"type":"binary-expr","locations":[{"start":{"line":8,"column":15},"end":{"line":8,"column":32}},{"start":{"line":8,"column":36},"end":{"line":8,"column":64}}],"line":8},"4":{"loc":{"start":{"line":10,"column":11},"end":{"line":15,"column":5}},"type":"if","locations":[{"start":{"line":10,"column":11},"end":{"line":15,"column":5}},{"start":{"line":12,"column":11},"end":{"line":15,"column":5}}],"line":10},"5":{"loc":{"start":{"line":10,"column":15},"end":{"line":10,"column":57}},"type":"binary-expr","locations":[{"start":{"line":10,"column":15},"end":{"line":10,"column":31}},{"start":{"line":10,"column":35},"end":{"line":10,"column":57}}],"line":10},"6":{"loc":{"start":{"line":23,"column":8},"end":{"line":27,"column":9}},"type":"if","locations":[{"start":{"line":23,"column":8},"end":{"line":27,"column":9}},{"start":{},"end":{}}],"line":23},"7":{"loc":{"start":{"line":23,"column":12},"end":{"line":23,"column":31}},"type":"binary-expr","locations":[{"start":{"line":23,"column":12},"end":{"line":23,"column":18}},{"start":{"line":23,"column":22},"end":{"line":23,"column":31}}],"line":23},"8":{"loc":{"start":{"line":31,"column":8},"end":{"line":44,"column":9}},"type":"if","locations":[{"start":{"line":31,"column":8},"end":{"line":44,"column":9}},{"start":{"line":41,"column":15},"end":{"line":44,"column":9}}],"line":31},"9":{"loc":{"start":{"line":57,"column":8},"end":{"line":61,"column":9}},"type":"if","locations":[{"start":{"line":57,"column":8},"end":{"line":61,"column":9}},{"start":{},"end":{}}],"line":57},"10":{"loc":{"start":{"line":57,"column":12},"end":{"line":57,"column":31}},"type":"binary-expr","locations":[{"start":{"line":57,"column":12},"end":{"line":57,"column":18}},{"start":{"line":57,"column":22},"end":{"line":57,"column":31}}],"line":57},"11":{"loc":{"start":{"line":63,"column":8},"end":{"line":67,"column":9}},"type":"if","locations":[{"start":{"line":63,"column":8},"end":{"line":67,"column":9}},{"start":{},"end":{}}],"line":63},"12":{"loc":{"start":{"line":71,"column":8},"end":{"line":84,"column":9}},"type":"if","locations":[{"start":{"line":71,"column":8},"end":{"line":84,"column":9}},{"start":{"line":81,"column":15},"end":{"line":84,"column":9}}],"line":71},"13":{"loc":{"start":{"line":95,"column":8},"end":{"line":99,"column":9}},"type":"if","locations":[{"start":{"line":95,"column":8},"end":{"line":99,"column":9}},{"start":{},"end":{}}],"line":95},"14":{"loc":{"start":{"line":95,"column":12},"end":{"line":95,"column":60}},"type":"binary-expr","locations":[{"start":{"line":95,"column":12},"end":{"line":95,"column":23}},{"start":{"line":95,"column":27},"end":{"line":95,"column":60}}],"line":95},"15":{"loc":{"start":{"line":104,"column":8},"end":{"line":108,"column":9}},"type":"if","locations":[{"start":{"line":104,"column":8},"end":{"line":108,"column":9}},{"start":{},"end":{}}],"line":104},"16":{"loc":{"start":{"line":115,"column":8},"end":{"line":119,"column":9}},"type":"if","locations":[{"start":{"line":115,"column":8},"end":{"line":119,"column":9}},{"start":{},"end":{}}],"line":115}},"s":{"0":0,"1":0,"2":0,"3":0,"4":0,"5":0,"6":0,"7":0,"8":0,"9":0,"10":0,"11":0,"12":0,"13":0,"14":0,"15":0,"16":0,"17":0,"18":0,"19":0,"20":0,"21":0,"22":0,"23":0,"24":0,"25":0,"26":0,"27":0,"28":0,"29":0,"30":0,"31":0,"32":0,"33":0,"34":0,"35":0,"36":0,"37":0,"38":0,"39":0,"40":0,"41":0,"42":0,"43":0,"44":0,"45":0,"46":0,"47":0,"48":0,"49":0,"50":0,"51":0,"52":0,"53":0,"54":0,"55":0,"56":0,"57":0,"58":0,"59":0,"60":0,"61":0,"62":0,"63":0,"64":0,"65":0,"66":0,"67":0,"68":0,"69":0,"70":0,"71":0,"72":0,"73":0,"74":0,"75":0},"f":{"0":0,"1":0,"2":0,"3":0,"4":0,"5":0,"6":0,"7":0},"b":{"0":[0,0],"1":[0,0],"2":[0,0],"3":[0,0],"4":[0,0],"5":[0,0],"6":[0,0],"7":[0,0],"8":[0,0],"9":[0,0],"10":[0,0],"11":[0,0],"12":[0,0],"13":[0,0],"14":[0,0],"15":[0,0],"16":[0,0]}}
,"E:\\useful\\nci_4\\Project\\collaborative-editor\\backend\\routes\\documents.js": {"path":"E:\\useful\\nci_4\\Project\\collaborative-editor\\backend\\routes\\documents.js","statementMap":{"0":{"start":{"line":1,"column":24},"end":{"line":1,"column":47}},"1":{"start":{"line":2,"column":21},"end":{"line":2,"column":39}},"2":{"start":{"line":5,"column":28},"end":{"line":5,"column":31}},"3":{"start":{"line":6,"column":21},"end":{"line":6,"column":35}},"4":{"start":{"line":7,"column":23},"end":{"line":7,"column":34}},"5":{"start":{"line":8,"column":20},"end":{"line":8,"column":31}},"6":{"start":{"line":10,"column":4},"end":{"line":68,"column":5}},"7":{"start":{"line":11,"column":27},"end":{"line":11,"column":52}},"8":{"start":{"line":12,"column":8},"end":{"line":16,"column":9}},"9":{"start":{"line":13,"column":12},"end":{"line":13,"column":71}},"10":{"start":{"line":14,"column":12},"end":{"line":14,"column":74}},"11":{"start":{"line":15,"column":12},"end":{"line":15,"column":19}},"12":{"start":{"line":18,"column":22},"end":{"line":18,"column":46}},"13":{"start":{"line":19,"column":24},"end":{"line":19,"column":42}},"14":{"start":{"line":21,"column":8},"end":{"line":25,"column":9}},"15":{"start":{"line":22,"column":12},"end":{"line":22,"column":71}},"16":{"start":{"line":23,"column":12},"end":{"line":23,"column":64}},"17":{"start":{"line":24,"column":12},"end":{"line":24,"column":19}},"18":{"start":{"line":27,"column":23},"end":{"line":27,"column":37}},"19":{"start":{"line":30,"column":8},"end":{"line":63,"column":9}},"20":{"start":{"line":31,"column":12},"end":{"line":31,"column":66}},"21":{"start":{"line":34,"column":13},"end":{"line":63,"column":9}},"22":{"start":{"line":35,"column":12},"end":{"line":35,"column":56}},"23":{"start":{"line":38,"column":13},"end":{"line":63,"column":9}},"24":{"start":{"line":39,"column":12},"end":{"line":39,"column":61}},"25":{"start":{"line":42,"column":13},"end":{"line":63,"column":9}},"26":{"start":{"line":43,"column":12},"end":{"line":43,"column":71}},"27":{"start":{"line":46,"column":13},"end":{"line":63,"column":9}},"28":{"start":{"line":47,"column":12},"end":{"line":47,"column":70}},"29":{"start":{"line":50,"column":13},"end":{"line":63,"column":9}},"30":{"start":{"line":51,"column":12},"end":{"line":51,"column":53}},"31":{"start":{"line":52,"column":15},"end":{"line":63,"column":9}},"32":{"start":{"line":53,"column":12},"end":{"line":53,"column":64}},"33":{"start":{"line":54,"column":15},"end":{"line":63,"column":9}},"34":{"start":{"line":55,"column":12},"end":{"line":55,"column":55}},"35":{"start":{"line":56,"column":15},"end":{"line":63,"column":9}},"36":{"start":{"line":57,"column":12},"end":{"line":57,"column":67}},"37":{"start":{"line":58,"column":15},"end":{"line":63,"column":9}},"38":{"start":{"line":59,"column":12},"end":{"line":59,"column":67}},"39":{"start":{"line":61,"column":12},"end":{"line":61,"column":71}},"40":{"start":{"line":62,"column":12},"end":{"line":62,"column":69}},"41":{"start":{"line":65,"column":8},"end":{"line":65,"column":54}},"42":{"start":{"line":66,"column":8},"end":{"line":66,"column":67}},"43":{"start":{"line":67,"column":8},"end":{"line":67,"column":68}},"44":{"start":{"line":72,"column":4},"end":{"line":111,"column":5}},"45":{"start":{"line":73,"column":26},"end":{"line":81,"column":22}},"46":{"start":{"line":84,"column":29},"end":{"line":103,"column":10}},"47":{"start":{"line":85,"column":26},"end":{"line":85,"column":28}},"48":{"start":{"line":86,"column":12},"end":{"line":86,"column":68}},"49":{"start":{"line":86,"column":51},"end":{"line":86,"column":68}},"50":{"start":{"line":88,"column":33},"end":{"line":88,"column":93}},"51":{"start":{"line":88,"column":62},"end":{"line":88,"column":92}},"52":{"start":{"line":89,"column":12},"end":{"line":91,"column":13}},"53":{"start":{"line":90,"column":16},"end":{"line":90,"column":43}},"54":{"start":{"line":92,"column":12},"end":{"line":94,"column":13}},"55":{"start":{"line":93,"column":16},"end":{"line":93,"column":48}},"56":{"start":{"line":96,"column":12},"end":{"line":102,"column":14}},"57":{"start":{"line":105,"column":8},"end":{"line":105,"column":67}},"58":{"start":{"line":106,"column":8},"end":{"line":106,"column":46}},"59":{"start":{"line":108,"column":8},"end":{"line":108,"column":53}},"60":{"start":{"line":109,"column":8},"end":{"line":109,"column":67}},"61":{"start":{"line":110,"column":8},"end":{"line":110,"column":72}},"62":{"start":{"line":115,"column":4},"end":{"line":138,"column":5}},"63":{"start":{"line":116,"column":26},"end":{"line":121,"column":22}},"64":{"start":{"line":123,"column":29},"end":{"line":130,"column":11}},"65":{"start":{"line":123,"column":51},"end":{"line":130,"column":9}},"66":{"start":{"line":129,"column":54},"end":{"line":129,"column":84}},"67":{"start":{"line":132,"column":8},"end":{"line":132,"column":67}},"68":{"start":{"line":133,"column":8},"end":{"line":133,"column":46}},"69":{"start":{"line":135,"column":8},"end":{"line":135,"column":58}},"70":{"start":{"line":136,"column":8},"end":{"line":136,"column":67}},"71":{"start":{"line":137,"column":8},"end":{"line":137,"column":79}},"72":{"start":{"line":142,"column":4},"end":{"line":153,"column":5}},"73":{"start":{"line":143,"column":26},"end":{"line":145,"column":22}},"74":{"start":{"line":147,"column":8},"end":{"line":147,"column":67}},"75":{"start":{"line":148,"column":8},"end":{"line":148,"column":93}},"76":{"start":{"line":148,"column":53},"end":{"line":148,"column":88}},"77":{"start":{"line":150,"column":8},"end":{"line":150,"column":63}},"78":{"start":{"line":151,"column":8},"end":{"line":151,"column":67}},"79":{"start":{"line":152,"column":8},"end":{"line":152,"column":80}},"80":{"start":{"line":157,"column":4},"end":{"line":178,"column":5}},"81":{"start":{"line":158,"column":25},"end":{"line":164,"column":10}},"82":{"start":{"line":166,"column":8},"end":{"line":170,"column":9}},"83":{"start":{"line":167,"column":12},"end":{"line":167,"column":71}},"84":{"start":{"line":168,"column":12},"end":{"line":168,"column":69}},"85":{"start":{"line":169,"column":12},"end":{"line":169,"column":19}},"86":{"start":{"line":172,"column":8},"end":{"line":172,"column":67}},"87":{"start":{"line":173,"column":8},"end":{"line":173,"column":79}},"88":{"start":{"line":175,"column":8},"end":{"line":175,"column":52}},"89":{"start":{"line":176,"column":8},"end":{"line":176,"column":67}},"90":{"start":{"line":177,"column":8},"end":{"line":177,"column":71}},"91":{"start":{"line":183,"column":4},"end":{"line":237,"column":5}},"92":{"start":{"line":184,"column":21},"end":{"line":184,"column":46}},"93":{"start":{"line":185,"column":8},"end":{"line":185,"column":62}},"94":{"start":{"line":187,"column":35},"end":{"line":187,"column":51}},"95":{"start":{"line":189,"column":8},"end":{"line":193,"column":9}},"96":{"start":{"line":190,"column":12},"end":{"line":190,"column":71}},"97":{"start":{"line":191,"column":12},"end":{"line":191,"column":68}},"98":{"start":{"line":192,"column":12},"end":{"line":192,"column":19}},"99":{"start":{"line":196,"column":21},"end":{"line":196,"column":88}},"100":{"start":{"line":198,"column":20},"end":{"line":198,"column":30}},"101":{"start":{"line":199,"column":25},"end":{"line":214,"column":9}},"102":{"start":{"line":216,"column":23},"end":{"line":216,"column":75}},"103":{"start":{"line":217,"column":8},"end":{"line":217,"column":70}},"104":{"start":{"line":220,"column":8},"end":{"line":220,"column":67}},"105":{"start":{"line":221,"column":8},"end":{"line":232,"column":12}},"106":{"start":{"line":234,"column":8},"end":{"line":234,"column":55}},"107":{"start":{"line":235,"column":8},"end":{"line":235,"column":67}},"108":{"start":{"line":236,"column":8},"end":{"line":236,"column":90}},"109":{"start":{"line":242,"column":4},"end":{"line":310,"column":5}},"110":{"start":{"line":243,"column":21},"end":{"line":243,"column":46}},"111":{"start":{"line":244,"column":48},"end":{"line":244,"column":64}},"112":{"start":{"line":245,"column":8},"end":{"line":245,"column":91}},"113":{"start":{"line":248,"column":28},"end":{"line":254,"column":10}},"114":{"start":{"line":256,"column":8},"end":{"line":260,"column":9}},"115":{"start":{"line":257,"column":12},"end":{"line":257,"column":71}},"116":{"start":{"line":258,"column":12},"end":{"line":258,"column":86}},"117":{"start":{"line":259,"column":12},"end":{"line":259,"column":19}},"118":{"start":{"line":263,"column":24},"end":{"line":263,"column":105}},"119":{"start":{"line":266,"column":8},"end":{"line":276,"column":9}},"120":{"start":{"line":267,"column":12},"end":{"line":267,"column":67}},"121":{"start":{"line":268,"column":12},"end":{"line":268,"column":47}},"122":{"start":{"line":271,"column":12},"end":{"line":275,"column":13}},"123":{"start":{"line":272,"column":32},"end":{"line":272,"column":58}},"124":{"start":{"line":273,"column":16},"end":{"line":273,"column":97}},"125":{"start":{"line":274,"column":16},"end":{"line":274,"column":108}},"126":{"start":{"line":278,"column":29},"end":{"line":282,"column":9}},"127":{"start":{"line":283,"column":8},"end":{"line":283,"column":66}},"128":{"start":{"line":283,"column":35},"end":{"line":283,"column":66}},"129":{"start":{"line":284,"column":8},"end":{"line":284,"column":60}},"130":{"start":{"line":284,"column":33},"end":{"line":284,"column":60}},"131":{"start":{"line":286,"column":23},"end":{"line":289,"column":9}},"132":{"start":{"line":291,"column":8},"end":{"line":295,"column":9}},"133":{"start":{"line":292,"column":12},"end":{"line":292,"column":71}},"134":{"start":{"line":293,"column":12},"end":{"line":293,"column":69}},"135":{"start":{"line":294,"column":12},"end":{"line":294,"column":19}},"136":{"start":{"line":297,"column":8},"end":{"line":297,"column":78}},"137":{"start":{"line":299,"column":8},"end":{"line":299,"column":67}},"138":{"start":{"line":300,"column":8},"end":{"line":305,"column":12}},"139":{"start":{"line":307,"column":8},"end":{"line":307,"column":55}},"140":{"start":{"line":308,"column":8},"end":{"line":308,"column":67}},"141":{"start":{"line":309,"column":8},"end":{"line":309,"column":72}},"142":{"start":{"line":314,"column":4},"end":{"line":332,"column":5}},"143":{"start":{"line":315,"column":23},"end":{"line":318,"column":10}},"144":{"start":{"line":320,"column":8},"end":{"line":324,"column":9}},"145":{"start":{"line":321,"column":12},"end":{"line":321,"column":71}},"146":{"start":{"line":322,"column":12},"end":{"line":322,"column":69}},"147":{"start":{"line":323,"column":12},"end":{"line":323,"column":19}},"148":{"start":{"line":326,"column":8},"end":{"line":326,"column":67}},"149":{"start":{"line":327,"column":8},"end":{"line":327,"column":78}},"150":{"start":{"line":329,"column":8},"end":{"line":329,"column":55}},"151":{"start":{"line":330,"column":8},"end":{"line":330,"column":67}},"152":{"start":{"line":331,"column":8},"end":{"line":331,"column":72}},"153":{"start":{"line":336,"column":4},"end":{"line":380,"column":5}},"154":{"start":{"line":337,"column":21},"end":{"line":337,"column":46}},"155":{"start":{"line":338,"column":32},"end":{"line":338,"column":48}},"156":{"start":{"line":340,"column":25},"end":{"line":343,"column":10}},"157":{"start":{"line":345,"column":8},"end":{"line":349,"column":9}},"158":{"start":{"line":346,"column":12},"end":{"line":346,"column":71}},"159":{"start":{"line":347,"column":12},"end":{"line":347,"column":69}},"160":{"start":{"line":348,"column":12},"end":{"line":348,"column":19}},"161":{"start":{"line":351,"column":28},"end":{"line":351,"column":75}},"162":{"start":{"line":352,"column":8},"end":{"line":356,"column":9}},"163":{"start":{"line":353,"column":12},"end":{"line":353,"column":71}},"164":{"start":{"line":354,"column":12},"end":{"line":354,"column":65}},"165":{"start":{"line":355,"column":12},"end":{"line":355,"column":19}},"166":{"start":{"line":358,"column":37},"end":{"line":360,"column":9}},"167":{"start":{"line":359,"column":17},"end":{"line":359,"column":67}},"168":{"start":{"line":362,"column":8},"end":{"line":372,"column":9}},"169":{"start":{"line":363,"column":12},"end":{"line":366,"column":14}},"170":{"start":{"line":368,"column":12},"end":{"line":371,"column":14}},"171":{"start":{"line":374,"column":8},"end":{"line":374,"column":67}},"172":{"start":{"line":375,"column":8},"end":{"line":375,"column":77}},"173":{"start":{"line":377,"column":8},"end":{"line":377,"column":54}},"174":{"start":{"line":378,"column":8},"end":{"line":378,"column":67}},"175":{"start":{"line":379,"column":8},"end":{"line":379,"column":71}},"176":{"start":{"line":384,"column":4},"end":{"line":408,"column":5}},"177":{"start":{"line":385,"column":21},"end":{"line":385,"column":46}},"178":{"start":{"line":386,"column":49},"end":{"line":386,"column":65}},"179":{"start":{"line":388,"column":8},"end":{"line":400,"column":9}},"180":{"start":{"line":389,"column":12},"end":{"line":393,"column":14}},"181":{"start":{"line":394,"column":15},"end":{"line":400,"column":9}},"182":{"start":{"line":395,"column":12},"end":{"line":399,"column":14}},"183":{"start":{"line":402,"column":8},"end":{"line":402,"column":67}},"184":{"start":{"line":403,"column":8},"end":{"line":403,"column":82}},"185":{"start":{"line":405,"column":8},"end":{"line":405,"column":59}},"186":{"start":{"line":406,"column":8},"end":{"line":406,"column":67}},"187":{"start":{"line":407,"column":8},"end":{"line":407,"column":76}},"188":{"start":{"line":412,"column":4},"end":{"line":425,"column":5}},"189":{"start":{"line":413,"column":8},"end":{"line":417,"column":10}},"190":{"start":{"line":419,"column":8},"end":{"line":419,"column":67}},"191":{"start":{"line":420,"column":8},"end":{"line":420,"column":80}},"192":{"start":{"line":422,"column":8},"end":{"line":422,"column":58}},"193":{"start":{"line":423,"column":8},"end":{"line":423,"column":67}},"194":{"start":{"line":424,"column":8},"end":{"line":424,"column":75}},"195":{"start":{"line":429,"column":4},"end":{"line":438,"column":7}},"196":{"start":{"line":430,"column":19},"end":{"line":430,"column":21}},"197":{"start":{"line":431,"column":8},"end":{"line":433,"column":11}},"198":{"start":{"line":432,"column":12},"end":{"line":432,"column":37}},"199":{"start":{"line":434,"column":8},"end":{"line":436,"column":11}},"200":{"start":{"line":435,"column":12},"end":{"line":435,"column":26}},"201":{"start":{"line":437,"column":8},"end":{"line":437,"column":32}},"202":{"start":{"line":441,"column":0},"end":{"line":443,"column":2}}},"fnMap":{"0":{"name":"handleDocumentRoutes","decl":{"start":{"line":4,"column":15},"end":{"line":4,"column":35}},"loc":{"start":{"line":4,"column":50},"end":{"line":69,"column":1}},"line":4},"1":{"name":"getDocuments","decl":{"start":{"line":71,"column":15},"end":{"line":71,"column":27}},"loc":{"start":{"line":71,"column":50},"end":{"line":112,"column":1}},"line":71},"2":{"name":"(anonymous_2)","decl":{"start":{"line":84,"column":43},"end":{"line":84,"column":44}},"loc":{"start":{"line":84,"column":50},"end":{"line":103,"column":9}},"line":84},"3":{"name":"(anonymous_3)","decl":{"start":{"line":88,"column":57},"end":{"line":88,"column":58}},"loc":{"start":{"line":88,"column":62},"end":{"line":88,"column":92}},"line":88},"4":{"name":"getSharedWithMe","decl":{"start":{"line":114,"column":15},"end":{"line":114,"column":30}},"loc":{"start":{"line":114,"column":53},"end":{"line":139,"column":1}},"line":114},"5":{"name":"(anonymous_5)","decl":{"start":{"line":123,"column":43},"end":{"line":123,"column":44}},"loc":{"start":{"line":123,"column":51},"end":{"line":130,"column":9}},"line":123},"6":{"name":"(anonymous_6)","decl":{"start":{"line":129,"column":49},"end":{"line":129,"column":50}},"loc":{"start":{"line":129,"column":54},"end":{"line":129,"column":84}},"line":129},"7":{"name":"getSharingWithOthers","decl":{"start":{"line":141,"column":15},"end":{"line":141,"column":35}},"loc":{"start":{"line":141,"column":58},"end":{"line":154,"column":1}},"line":141},"8":{"name":"(anonymous_8)","decl":{"start":{"line":148,"column":45},"end":{"line":148,"column":46}},"loc":{"start":{"line":148,"column":53},"end":{"line":148,"column":88}},"line":148},"9":{"name":"getDocument","decl":{"start":{"line":156,"column":15},"end":{"line":156,"column":26}},"loc":{"start":{"line":156,"column":61},"end":{"line":179,"column":1}},"line":156},"10":{"name":"createDocument","decl":{"start":{"line":182,"column":15},"end":{"line":182,"column":29}},"loc":{"start":{"line":182,"column":52},"end":{"line":238,"column":1}},"line":182},"11":{"name":"updateDocument","decl":{"start":{"line":241,"column":15},"end":{"line":241,"column":29}},"loc":{"start":{"line":241,"column":64},"end":{"line":311,"column":1}},"line":241},"12":{"name":"deleteDocument","decl":{"start":{"line":313,"column":15},"end":{"line":313,"column":29}},"loc":{"start":{"line":313,"column":64},"end":{"line":333,"column":1}},"line":313},"13":{"name":"shareDocument","decl":{"start":{"line":335,"column":15},"end":{"line":335,"column":28}},"loc":{"start":{"line":335,"column":63},"end":{"line":381,"column":1}},"line":335},"14":{"name":"(anonymous_14)","decl":{"start":{"line":359,"column":12},"end":{"line":359,"column":13}},"loc":{"start":{"line":359,"column":17},"end":{"line":359,"column":67}},"line":359},"15":{"name":"updateCollaborator","decl":{"start":{"line":383,"column":15},"end":{"line":383,"column":33}},"loc":{"start":{"line":383,"column":68},"end":{"line":409,"column":1}},"line":383},"16":{"name":"quitCollaboration","decl":{"start":{"line":411,"column":15},"end":{"line":411,"column":32}},"loc":{"start":{"line":411,"column":67},"end":{"line":426,"column":1}},"line":411},"17":{"name":"getRequestBody","decl":{"start":{"line":428,"column":9},"end":{"line":428,"column":23}},"loc":{"start":{"line":428,"column":29},"end":{"line":439,"column":1}},"line":428},"18":{"name":"(anonymous_18)","decl":{"start":{"line":429,"column":23},"end":{"line":429,"column":24}},"loc":{"start":{"line":429,"column":44},"end":{"line":438,"column":5}},"line":429},"19":{"name":"(anonymous_19)","decl":{"start":{"line":431,"column":23},"end":{"line":431,"column":24}},"loc":{"start":{"line":431,"column":32},"end":{"line":433,"column":9}},"line":431},"20":{"name":"(anonymous_20)","decl":{"start":{"line":434,"column":22},"end":{"line":434,"column":23}},"loc":{"start":{"line":434,"column":28},"end":{"line":436,"column":9}},"line":434}},"branchMap":{"0":{"loc":{"start":{"line":12,"column":8},"end":{"line":16,"column":9}},"type":"if","locations":[{"start":{"line":12,"column":8},"end":{"line":16,"column":9}},{"start":{},"end":{}}],"line":12},"1":{"loc":{"start":{"line":12,"column":12},"end":{"line":12,"column":60}},"type":"binary-expr","locations":[{"start":{"line":12,"column":12},"end":{"line":12,"column":23}},{"start":{"line":12,"column":27},"end":{"line":12,"column":60}}],"line":12},"2":{"loc":{"start":{"line":21,"column":8},"end":{"line":25,"column":9}},"type":"if","locations":[{"start":{"line":21,"column":8},"end":{"line":25,"column":9}},{"start":{},"end":{}}],"line":21},"3":{"loc":{"start":{"line":30,"column":8},"end":{"line":63,"column":9}},"type":"if","locations":[{"start":{"line":30,"column":8},"end":{"line":63,"column":9}},{"start":{"line":34,"column":13},"end":{"line":63,"column":9}}],"line":30},"4":{"loc":{"start":{"line":30,"column":12},"end":{"line":30,"column":66}},"type":"binary-expr","locations":[{"start":{"line":30,"column":12},"end":{"line":30,"column":29}},{"start":{"line":30,"column":33},"end":{"line":30,"column":43}},{"start":{"line":30,"column":47},"end":{"line":30,"column":66}}],"line":30},"5":{"loc":{"start":{"line":34,"column":13},"end":{"line":63,"column":9}},"type":"if","locations":[{"start":{"line":34,"column":13},"end":{"line":63,"column":9}},{"start":{"line":38,"column":13},"end":{"line":63,"column":9}}],"line":34},"6":{"loc":{"start":{"line":34,"column":17},"end":{"line":34,"column":76}},"type":"binary-expr","locations":[{"start":{"line":34,"column":17},"end":{"line":34,"column":33}},{"start":{"line":34,"column":37},"end":{"line":34,"column":76}}],"line":34},"7":{"loc":{"start":{"line":38,"column":13},"end":{"line":63,"column":9}},"type":"if","locations":[{"start":{"line":38,"column":13},"end":{"line":63,"column":9}},{"start":{"line":42,"column":13},"end":{"line":63,"column":9}}],"line":38},"8":{"loc":{"start":{"line":38,"column":17},"end":{"line":38,"column":81}},"type":"binary-expr","locations":[{"start":{"line":38,"column":17},"end":{"line":38,"column":33}},{"start":{"line":38,"column":37},"end":{"line":38,"column":81}}],"line":38},"9":{"loc":{"start":{"line":42,"column":13},"end":{"line":63,"column":9}},"type":"if","locations":[{"start":{"line":42,"column":13},"end":{"line":63,"column":9}},{"start":{"line":46,"column":13},"end":{"line":63,"column":9}}],"line":42},"10":{"loc":{"start":{"line":42,"column":17},"end":{"line":42,"column":77}},"type":"binary-expr","locations":[{"start":{"line":42,"column":17},"end":{"line":42,"column":33}},{"start":{"line":42,"column":37},"end":{"line":42,"column":47}},{"start":{"line":42,"column":51},"end":{"line":42,"column":77}}],"line":42},"11":{"loc":{"start":{"line":46,"column":13},"end":{"line":63,"column":9}},"type":"if","locations":[{"start":{"line":46,"column":13},"end":{"line":63,"column":9}},{"start":{"line":50,"column":13},"end":{"line":63,"column":9}}],"line":46},"12":{"loc":{"start":{"line":46,"column":17},"end":{"line":46,"column":70}},"type":"binary-expr","locations":[{"start":{"line":46,"column":17},"end":{"line":46,"column":34}},{"start":{"line":46,"column":38},"end":{"line":46,"column":48}},{"start":{"line":46,"column":52},"end":{"line":46,"column":70}}],"line":46},"13":{"loc":{"start":{"line":50,"column":13},"end":{"line":63,"column":9}},"type":"if","locations":[{"start":{"line":50,"column":13},"end":{"line":63,"column":9}},{"start":{"line":52,"column":15},"end":{"line":63,"column":9}}],"line":50},"14":{"loc":{"start":{"line":50,"column":17},"end":{"line":50,"column":48}},"type":"binary-expr","locations":[{"start":{"line":50,"column":17},"end":{"line":50,"column":33}},{"start":{"line":50,"column":37},"end":{"line":50,"column":48}}],"line":50},"15":{"loc":{"start":{"line":52,"column":15},"end":{"line":63,"column":9}},"type":"if","locations":[{"start":{"line":52,"column":15},"end":{"line":63,"column":9}},{"start":{"line":54,"column":15},"end":{"line":63,"column":9}}],"line":52},"16":{"loc":{"start":{"line":52,"column":19},"end":{"line":52,"column":49}},"type":"binary-expr","locations":[{"start":{"line":52,"column":19},"end":{"line":52,"column":35}},{"start":{"line":52,"column":39},"end":{"line":52,"column":49}}],"line":52},"17":{"loc":{"start":{"line":54,"column":15},"end":{"line":63,"column":9}},"type":"if","locations":[{"start":{"line":54,"column":15},"end":{"line":63,"column":9}},{"start":{"line":56,"column":15},"end":{"line":63,"column":9}}],"line":54},"18":{"loc":{"start":{"line":54,"column":19},"end":{"line":54,"column":51}},"type":"binary-expr","locations":[{"start":{"line":54,"column":19},"end":{"line":54,"column":36}},{"start":{"line":54,"column":40},"end":{"line":54,"column":51}}],"line":54},"19":{"loc":{"start":{"line":56,"column":15},"end":{"line":63,"column":9}},"type":"if","locations":[{"start":{"line":56,"column":15},"end":{"line":63,"column":9}},{"start":{"line":58,"column":15},"end":{"line":63,"column":9}}],"line":56},"20":{"loc":{"start":{"line":56,"column":19},"end":{"line":56,"column":61}},"type":"binary-expr","locations":[{"start":{"line":56,"column":19},"end":{"line":56,"column":35}},{"start":{"line":56,"column":39},"end":{"line":56,"column":49}},{"start":{"line":56,"column":53},"end":{"line":56,"column":61}}],"line":56},"21":{"loc":{"start":{"line":58,"column":15},"end":{"line":63,"column":9}},"type":"if","locations":[{"start":{"line":58,"column":15},"end":{"line":63,"column":9}},{"start":{"line":60,"column":15},"end":{"line":63,"column":9}}],"line":58},"22":{"loc":{"start":{"line":58,"column":19},"end":{"line":58,"column":52}},"type":"binary-expr","locations":[{"start":{"line":58,"column":19},"end":{"line":58,"column":38}},{"start":{"line":58,"column":42},"end":{"line":58,"column":52}}],"line":58},"23":{"loc":{"start":{"line":86,"column":12},"end":{"line":86,"column":68}},"type":"if","locations":[{"start":{"line":86,"column":12},"end":{"line":86,"column":68}},{"start":{},"end":{}}],"line":86},"24":{"loc":{"start":{"line":89,"column":12},"end":{"line":91,"column":13}},"type":"if","locations":[{"start":{"line":89,"column":12},"end":{"line":91,"column":13}},{"start":{},"end":{}}],"line":89},"25":{"loc":{"start":{"line":89,"column":16},"end":{"line":89,"column":64}},"type":"binary-expr","locations":[{"start":{"line":89,"column":16},"end":{"line":89,"column":28}},{"start":{"line":89,"column":32},"end":{"line":89,"column":64}}],"line":89},"26":{"loc":{"start":{"line":92,"column":12},"end":{"line":94,"column":13}},"type":"if","locations":[{"start":{"line":92,"column":12},"end":{"line":94,"column":13}},{"start":{},"end":{}}],"line":92},"27":{"loc":{"start":{"line":92,"column":16},"end":{"line":92,"column":82}},"type":"binary-expr","locations":[{"start":{"line":92,"column":16},"end":{"line":92,"column":49}},{"start":{"line":92,"column":53},"end":{"line":92,"column":82}}],"line":92},"28":{"loc":{"start":{"line":101,"column":32},"end":{"line":101,"column":59}},"type":"binary-expr","locations":[{"start":{"line":101,"column":32},"end":{"line":101,"column":46}},{"start":{"line":101,"column":50},"end":{"line":101,"column":59}}],"line":101},"29":{"loc":{"start":{"line":128,"column":28},"end":{"line":128,"column":55}},"type":"binary-expr","locations":[{"start":{"line":128,"column":28},"end":{"line":128,"column":42}},{"start":{"line":128,"column":46},"end":{"line":128,"column":55}}],"line":128},"30":{"loc":{"start":{"line":129,"column":25},"end":{"line":129,"column":103}},"type":"binary-expr","locations":[{"start":{"line":129,"column":25},"end":{"line":129,"column":91}},{"start":{"line":129,"column":95},"end":{"line":129,"column":103}}],"line":129},"31":{"loc":{"start":{"line":166,"column":8},"end":{"line":170,"column":9}},"type":"if","locations":[{"start":{"line":166,"column":8},"end":{"line":170,"column":9}},{"start":{},"end":{}}],"line":166},"32":{"loc":{"start":{"line":189,"column":8},"end":{"line":193,"column":9}},"type":"if","locations":[{"start":{"line":189,"column":8},"end":{"line":193,"column":9}},{"start":{},"end":{}}],"line":189},"33":{"loc":{"start":{"line":201,"column":21},"end":{"line":201,"column":34}},"type":"binary-expr","locations":[{"start":{"line":201,"column":21},"end":{"line":201,"column":28}},{"start":{"line":201,"column":32},"end":{"line":201,"column":34}}],"line":201},"34":{"loc":{"start":{"line":203,"column":24},"end":{"line":203,"column":48}},"type":"binary-expr","locations":[{"start":{"line":203,"column":24},"end":{"line":203,"column":35}},{"start":{"line":203,"column":39},"end":{"line":203,"column":48}}],"line":203},"35":{"loc":{"start":{"line":256,"column":8},"end":{"line":260,"column":9}},"type":"if","locations":[{"start":{"line":256,"column":8},"end":{"line":260,"column":9}},{"start":{},"end":{}}],"line":256},"36":{"loc":{"start":{"line":263,"column":24},"end":{"line":263,"column":105}},"type":"binary-expr","locations":[{"start":{"line":263,"column":24},"end":{"line":263,"column":45}},{"start":{"line":263,"column":49},"end":{"line":263,"column":105}}],"line":263},"37":{"loc":{"start":{"line":266,"column":8},"end":{"line":276,"column":9}},"type":"if","locations":[{"start":{"line":266,"column":8},"end":{"line":276,"column":9}},{"start":{},"end":{}}],"line":266},"38":{"loc":{"start":{"line":267,"column":36},"end":{"line":267,"column":61}},"type":"binary-expr","locations":[{"start":{"line":267,"column":36},"end":{"line":267,"column":56}},{"start":{"line":267,"column":60},"end":{"line":267,"column":61}}],"line":267},"39":{"loc":{"start":{"line":271,"column":12},"end":{"line":275,"column":13}},"type":"if","locations":[{"start":{"line":271,"column":12},"end":{"line":275,"column":13}},{"start":{},"end":{}}],"line":271},"40":{"loc":{"start":{"line":273,"column":53},"end":{"line":273,"column":91}},"type":"binary-expr","locations":[{"start":{"line":273,"column":53},"end":{"line":273,"column":86}},{"start":{"line":273,"column":90},"end":{"line":273,"column":91}}],"line":273},"41":{"loc":{"start":{"line":283,"column":8},"end":{"line":283,"column":66}},"type":"if","locations":[{"start":{"line":283,"column":8},"end":{"line":283,"column":66}},{"start":{},"end":{}}],"line":283},"42":{"loc":{"start":{"line":284,"column":8},"end":{"line":284,"column":60}},"type":"if","locations":[{"start":{"line":284,"column":8},"end":{"line":284,"column":60}},{"start":{},"end":{}}],"line":284},"43":{"loc":{"start":{"line":291,"column":8},"end":{"line":295,"column":9}},"type":"if","locations":[{"start":{"line":291,"column":8},"end":{"line":295,"column":9}},{"start":{},"end":{}}],"line":291},"44":{"loc":{"start":{"line":320,"column":8},"end":{"line":324,"column":9}},"type":"if","locations":[{"start":{"line":320,"column":8},"end":{"line":324,"column":9}},{"start":{},"end":{}}],"line":320},"45":{"loc":{"start":{"line":345,"column":8},"end":{"line":349,"column":9}},"type":"if","locations":[{"start":{"line":345,"column":8},"end":{"line":349,"column":9}},{"start":{},"end":{}}],"line":345},"46":{"loc":{"start":{"line":352,"column":8},"end":{"line":356,"column":9}},"type":"if","locations":[{"start":{"line":352,"column":8},"end":{"line":356,"column":9}},{"start":{},"end":{}}],"line":352},"47":{"loc":{"start":{"line":362,"column":8},"end":{"line":372,"column":9}},"type":"if","locations":[{"start":{"line":362,"column":8},"end":{"line":372,"column":9}},{"start":{"line":367,"column":15},"end":{"line":372,"column":9}}],"line":362},"48":{"loc":{"start":{"line":388,"column":8},"end":{"line":400,"column":9}},"type":"if","locations":[{"start":{"line":388,"column":8},"end":{"line":400,"column":9}},{"start":{"line":394,"column":15},"end":{"line":400,"column":9}}],"line":388},"49":{"loc":{"start":{"line":394,"column":15},"end":{"line":400,"column":9}},"type":"if","locations":[{"start":{"line":394,"column":15},"end":{"line":400,"column":9}},{"start":{},"end":{}}],"line":394}},"s":{"0":0,"1":0,"2":0,"3":0,"4":0,"5":0,"6":0,"7":0,"8":0,"9":0,"10":0,"11":0,"12":0,"13":0,"14":0,"15":0,"16":0,"17":0,"18":0,"19":0,"20":0,"21":0,"22":0,"23":0,"24":0,"25":0,"26":0,"27":0,"28":0,"29":0,"30":0,"31":0,"32":0,"33":0,"34":0,"35":0,"36":0,"37":0,"38":0,"39":0,"40":0,"41":0,"42":0,"43":0,"44":0,"45":0,"46":0,"47":0,"48":0,"49":0,"50":0,"51":0,"52":0,"53":0,"54":0,"55":0,"56":0,"57":0,"58":0,"59":0,"60":0,"61":0,"62":0,"63":0,"64":0,"65":0,"66":0,"67":0,"68":0,"69":0,"70":0,"71":0,"72":0,"73":0,"74":0,"75":0,"76":0,"77":0,"78":0,"79":0,"80":0,"81":0,"82":0,"83":0,"84":0,"85":0,"86":0,"87":0,"88":0,"89":0,"90":0,"91":0,"92":0,"93":0,"94":0,"95":0,"96":0,"97":0,"98":0,"99":0,"100":0,"101":0,"102":0,"103":0,"104":0,"105":0,"106":0,"107":0,"108":0,"109":0,"110":0,"111":0,"112":0,"113":0,"114":0,"115":0,"116":0,"117":0,"118":0,"119":0,"120":0,"121":0,"122":0,"123":0,"124":0,"125":0,"126":0,"127":0,"128":0,"129":0,"130":0,"131":0,"132":0,"133":0,"134":0,"135":0,"136":0,"137":0,"138":0,"139":0,"140":0,"141":0,"142":0,"143":0,"144":0,"145":0,"146":0,"147":0,"148":0,"149":0,"150":0,"151":0,"152":0,"153":0,"154":0,"155":0,"156":0,"157":0,"158":0,"159":0,"160":0,"161":0,"162":0,"163":0,"164":0,"165":0,"166":0,"167":0,"168":0,"169":0,"170":0,"171":0,"172":0,"173":0,"174":0,"175":0,"176":0,"177":0,"178":0,"179":0,"180":0,"181":0,"182":0,"183":0,"184":0,"185":0,"186":0,"187":0,"188":0,"189":0,"190":0,"191":0,"192":0,"193":0,"194":0,"195":0,"196":0,"197":0,"198":0,"199":0,"200":0,"201":0,"202":0},"f":{"0":0,"1":0,"2":0,"3":0,"4":0,"5":0,"6":0,"7":0,"8":0,"9":0,"10":0,"11":0,"12":0,"13":0,"14":0,"15":0,"16":0,"17":0,"18":0,"19":0,"20":0},"b":{"0":[0,0],"1":[0,0],"2":[0,0],"3":[0,0],"4":[0,0,0],"5":[0,0],"6":[0,0],"7":[0,0],"8":[0,0],"9":[0,0],"10":[0,0,0],"11":[0,0],"12":[0,0,0],"13":[0,0],"14":[0,0],"15":[0,0],"16":[0,0],"17":[0,0],"18":[0,0],"19":[0,0],"20":[0,0,0],"21":[0,0],"22":[0,0],"23":[0,0],"24":[0,0],"25":[0,0],"26":[0,0],"27":[0,0],"28":[0,0],"29":[0,0],"30":[0,0],"31":[0,0],"32":[0,0],"33":[0,0],"34":[0,0],"35":[0,0],"36":[0,0],"37":[0,0],"38":[0,0],"39":[0,0],"40":[0,0],"41":[0,0],"42":[0,0],"43":[0,0],"44":[0,0],"45":[0,0],"46":[0,0],"47":[0,0],"48":[0,0],"49":[0,0]}}
,"E:\\useful\\nci_4\\Project\\collaborative-editor\\backend\\utils\\dataCollector.js": {"path":"E:\\useful\\nci_4\\Project\\collaborative-editor\\backend\\utils\\dataCollector.js","statementMap":{"0":{"start":{"line":3,"column":8},"end":{"line":3,"column":37}},"1":{"start":{"line":7,"column":8},"end":{"line":9,"column":9}},"2":{"start":{"line":8,"column":12},"end":{"line":8,"column":56}},"3":{"start":{"line":11,"column":27},"end":{"line":11,"column":59}},"4":{"start":{"line":12,"column":8},"end":{"line":19,"column":9}},"5":{"start":{"line":13,"column":12},"end":{"line":18,"column":15}},"6":{"start":{"line":21,"column":28},"end":{"line":21,"column":55}},"7":{"start":{"line":22,"column":8},"end":{"line":22,"column":32}},"8":{"start":{"line":23,"column":8},"end":{"line":23,"column":40}},"9":{"start":{"line":24,"column":8},"end":{"line":24,"column":45}},"10":{"start":{"line":26,"column":8},"end":{"line":26,"column":106}},"11":{"start":{"line":27,"column":8},"end":{"line":27,"column":27}},"12":{"start":{"line":31,"column":27},"end":{"line":31,"column":59}},"13":{"start":{"line":32,"column":8},"end":{"line":34,"column":9}},"14":{"start":{"line":33,"column":12},"end":{"line":33,"column":61}},"15":{"start":{"line":38,"column":27},"end":{"line":38,"column":59}},"16":{"start":{"line":39,"column":8},"end":{"line":39,"column":35}},"17":{"start":{"line":39,"column":25},"end":{"line":39,"column":35}},"18":{"start":{"line":41,"column":21},"end":{"line":41,"column":23}},"19":{"start":{"line":42,"column":20},"end":{"line":42,"column":21}},"20":{"start":{"line":44,"column":8},"end":{"line":62,"column":9}},"21":{"start":{"line":45,"column":30},"end":{"line":45,"column":47}},"22":{"start":{"line":46,"column":32},"end":{"line":46,"column":52}},"23":{"start":{"line":47,"column":31},"end":{"line":47,"column":50}},"24":{"start":{"line":49,"column":12},"end":{"line":60,"column":15}},"25":{"start":{"line":61,"column":12},"end":{"line":61,"column":20}},"26":{"start":{"line":64,"column":8},"end":{"line":64,"column":81}},"27":{"start":{"line":65,"column":8},"end":{"line":65,"column":20}},"28":{"start":{"line":69,"column":8},"end":{"line":69,"column":45}},"29":{"start":{"line":69,"column":29},"end":{"line":69,"column":45}},"30":{"start":{"line":70,"column":8},"end":{"line":70,"column":43}},"31":{"start":{"line":70,"column":27},"end":{"line":70,"column":43}},"32":{"start":{"line":71,"column":8},"end":{"line":71,"column":44}},"33":{"start":{"line":71,"column":28},"end":{"line":71,"column":44}},"34":{"start":{"line":72,"column":8},"end":{"line":72,"column":44}},"35":{"start":{"line":72,"column":28},"end":{"line":72,"column":44}},"36":{"start":{"line":73,"column":8},"end":{"line":73,"column":24}},"37":{"start":{"line":77,"column":27},"end":{"line":77,"column":59}},"38":{"start":{"line":78,"column":8},"end":{"line":78,"column":37}},"39":{"start":{"line":78,"column":25},"end":{"line":78,"column":37}},"40":{"start":{"line":80,"column":25},"end":{"line":80,"column":26}},"41":{"start":{"line":81,"column":27},"end":{"line":81,"column":36}},"42":{"start":{"line":82,"column":26},"end":{"line":82,"column":27}},"43":{"start":{"line":84,"column":8},"end":{"line":88,"column":9}},"44":{"start":{"line":85,"column":12},"end":{"line":85,"column":44}},"45":{"start":{"line":86,"column":12},"end":{"line":86,"column":72}},"46":{"start":{"line":86,"column":46},"end":{"line":86,"column":70}},"47":{"start":{"line":87,"column":12},"end":{"line":87,"column":47}},"48":{"start":{"line":90,"column":8},"end":{"line":98,"column":10}},"49":{"start":{"line":102,"column":0},"end":{"line":102,"column":37}}},"fnMap":{"0":{"name":"(anonymous_0)","decl":{"start":{"line":2,"column":4},"end":{"line":2,"column":5}},"loc":{"start":{"line":2,"column":18},"end":{"line":4,"column":5}},"line":2},"1":{"name":"(anonymous_1)","decl":{"start":{"line":6,"column":4},"end":{"line":6,"column":5}},"loc":{"start":{"line":6,"column":56},"end":{"line":28,"column":5}},"line":6},"2":{"name":"(anonymous_2)","decl":{"start":{"line":30,"column":4},"end":{"line":30,"column":5}},"loc":{"start":{"line":30,"column":59},"end":{"line":35,"column":5}},"line":30},"3":{"name":"(anonymous_3)","decl":{"start":{"line":37,"column":4},"end":{"line":37,"column":5}},"loc":{"start":{"line":37,"column":37},"end":{"line":66,"column":5}},"line":37},"4":{"name":"(anonymous_4)","decl":{"start":{"line":68,"column":4},"end":{"line":68,"column":5}},"loc":{"start":{"line":68,"column":35},"end":{"line":74,"column":5}},"line":68},"5":{"name":"(anonymous_5)","decl":{"start":{"line":76,"column":4},"end":{"line":76,"column":5}},"loc":{"start":{"line":76,"column":33},"end":{"line":99,"column":5}},"line":76},"6":{"name":"(anonymous_6)","decl":{"start":{"line":86,"column":36},"end":{"line":86,"column":37}},"loc":{"start":{"line":86,"column":46},"end":{"line":86,"column":70}},"line":86}},"branchMap":{"0":{"loc":{"start":{"line":7,"column":8},"end":{"line":9,"column":9}},"type":"if","locations":[{"start":{"line":7,"column":8},"end":{"line":9,"column":9}},{"start":{},"end":{}}],"line":7},"1":{"loc":{"start":{"line":12,"column":8},"end":{"line":19,"column":9}},"type":"if","locations":[{"start":{"line":12,"column":8},"end":{"line":19,"column":9}},{"start":{},"end":{}}],"line":12},"2":{"loc":{"start":{"line":32,"column":8},"end":{"line":34,"column":9}},"type":"if","locations":[{"start":{"line":32,"column":8},"end":{"line":34,"column":9}},{"start":{},"end":{}}],"line":32},"3":{"loc":{"start":{"line":32,"column":12},"end":{"line":32,"column":53}},"type":"binary-expr","locations":[{"start":{"line":32,"column":12},"end":{"line":32,"column":22}},{"start":{"line":32,"column":26},"end":{"line":32,"column":53}}],"line":32},"4":{"loc":{"start":{"line":39,"column":8},"end":{"line":39,"column":35}},"type":"if","locations":[{"start":{"line":39,"column":8},"end":{"line":39,"column":35}},{"start":{},"end":{}}],"line":39},"5":{"loc":{"start":{"line":69,"column":8},"end":{"line":69,"column":45}},"type":"if","locations":[{"start":{"line":69,"column":8},"end":{"line":69,"column":45}},{"start":{},"end":{}}],"line":69},"6":{"loc":{"start":{"line":70,"column":8},"end":{"line":70,"column":43}},"type":"if","locations":[{"start":{"line":70,"column":8},"end":{"line":70,"column":43}},{"start":{},"end":{}}],"line":70},"7":{"loc":{"start":{"line":71,"column":8},"end":{"line":71,"column":44}},"type":"if","locations":[{"start":{"line":71,"column":8},"end":{"line":71,"column":44}},{"start":{},"end":{}}],"line":71},"8":{"loc":{"start":{"line":72,"column":8},"end":{"line":72,"column":44}},"type":"if","locations":[{"start":{"line":72,"column":8},"end":{"line":72,"column":44}},{"start":{},"end":{}}],"line":72},"9":{"loc":{"start":{"line":78,"column":8},"end":{"line":78,"column":37}},"type":"if","locations":[{"start":{"line":78,"column":8},"end":{"line":78,"column":37}},{"start":{},"end":{}}],"line":78}},"s":{"0":0,"1":0,"2":0,"3":0,"4":0,"5":0,"6":0,"7":0,"8":0,"9":0,"10":0,"11":0,"12":0,"13":0,"14":0,"15":0,"16":0,"17":0,"18":0,"19":0,"20":0,"21":0,"22":0,"23":0,"24":0,"25":0,"26":0,"27":0,"28":0,"29":0,"30":0,"31":0,"32":0,"33":0,"34":0,"35":0,"36":0,"37":0,"38":0,"39":0,"40":0,"41":0,"42":0,"43":0,"44":0,"45":0,"46":0,"47":0,"48":0,"49":0},"f":{"0":0,"1":0,"2":0,"3":0,"4":0,"5":0,"6":0},"b":{"0":[0,0],"1":[0,0],"2":[0,0],"3":[0,0],"4":[0,0],"5":[0,0],"6":[0,0],"7":[0,0],"8":[0,0],"9":[0,0]}}
,"E:\\useful\\nci_4\\Project\\collaborative-editor\\backend\\websocket\\websocket.js": {"path":"E:\\useful\\nci_4\\Project\\collaborative-editor\\backend\\websocket\\websocket.js","statementMap":{"0":{"start":{"line":1,"column":22},"end":{"line":1,"column":55}},"1":{"start":{"line":2,"column":21},"end":{"line":2,"column":39}},"2":{"start":{"line":5,"column":28},"end":{"line":5,"column":37}},"3":{"start":{"line":7,"column":26},"end":{"line":7,"column":35}},"4":{"start":{"line":10,"column":30},"end":{"line":38,"column":13}},"5":{"start":{"line":11,"column":20},"end":{"line":11,"column":30}},"6":{"start":{"line":13,"column":8},"end":{"line":37,"column":9}},"7":{"start":{"line":14,"column":12},"end":{"line":33,"column":13}},"8":{"start":{"line":15,"column":16},"end":{"line":32,"column":17}},"9":{"start":{"line":16,"column":20},"end":{"line":16,"column":81}},"10":{"start":{"line":17,"column":20},"end":{"line":17,"column":43}},"11":{"start":{"line":20,"column":20},"end":{"line":20,"column":73}},"12":{"start":{"line":22,"column":20},"end":{"line":28,"column":23}},"13":{"start":{"line":31,"column":20},"end":{"line":31,"column":97}},"14":{"start":{"line":34,"column":12},"end":{"line":36,"column":13}},"15":{"start":{"line":35,"column":16},"end":{"line":35,"column":46}},"16":{"start":{"line":40,"column":4},"end":{"line":129,"column":7}},"17":{"start":{"line":41,"column":8},"end":{"line":41,"column":62}},"18":{"start":{"line":43,"column":32},"end":{"line":43,"column":36}},"19":{"start":{"line":44,"column":28},"end":{"line":44,"column":32}},"20":{"start":{"line":45,"column":30},"end":{"line":45,"column":34}},"21":{"start":{"line":48,"column":8},"end":{"line":48,"column":95}},"22":{"start":{"line":50,"column":8},"end":{"line":117,"column":11}},"23":{"start":{"line":51,"column":12},"end":{"line":116,"column":13}},"24":{"start":{"line":52,"column":29},"end":{"line":52,"column":48}},"25":{"start":{"line":53,"column":16},"end":{"line":53,"column":97}},"26":{"start":{"line":55,"column":16},"end":{"line":112,"column":17}},"27":{"start":{"line":57,"column":24},"end":{"line":57,"column":52}},"28":{"start":{"line":58,"column":24},"end":{"line":58,"column":66}},"29":{"start":{"line":59,"column":24},"end":{"line":59,"column":48}},"30":{"start":{"line":60,"column":24},"end":{"line":60,"column":54}},"31":{"start":{"line":62,"column":24},"end":{"line":62,"column":100}},"32":{"start":{"line":63,"column":24},"end":{"line":63,"column":95}},"33":{"start":{"line":64,"column":24},"end":{"line":64,"column":30}},"34":{"start":{"line":67,"column":24},"end":{"line":77,"column":25}},"35":{"start":{"line":68,"column":28},"end":{"line":68,"column":105}},"36":{"start":{"line":69,"column":28},"end":{"line":69,"column":104}},"37":{"start":{"line":70,"column":28},"end":{"line":70,"column":64}},"38":{"start":{"line":71,"column":28},"end":{"line":71,"column":56}},"39":{"start":{"line":72,"column":28},"end":{"line":72,"column":70}},"40":{"start":{"line":73,"column":28},"end":{"line":73,"column":96}},"41":{"start":{"line":75,"column":28},"end":{"line":75,"column":77}},"42":{"start":{"line":76,"column":28},"end":{"line":76,"column":123}},"43":{"start":{"line":78,"column":24},"end":{"line":78,"column":30}},"44":{"start":{"line":81,"column":24},"end":{"line":81,"column":78}},"45":{"start":{"line":82,"column":24},"end":{"line":82,"column":30}},"46":{"start":{"line":85,"column":24},"end":{"line":92,"column":27}},"47":{"start":{"line":93,"column":24},"end":{"line":93,"column":30}},"48":{"start":{"line":96,"column":24},"end":{"line":101,"column":25}},"49":{"start":{"line":97,"column":44},"end":{"line":97,"column":82}},"50":{"start":{"line":98,"column":28},"end":{"line":100,"column":29}},"51":{"start":{"line":99,"column":32},"end":{"line":99,"column":81}},"52":{"start":{"line":102,"column":24},"end":{"line":102,"column":98}},"53":{"start":{"line":103,"column":24},"end":{"line":103,"column":30}},"54":{"start":{"line":106,"column":24},"end":{"line":106,"column":119}},"55":{"start":{"line":107,"column":24},"end":{"line":107,"column":49}},"56":{"start":{"line":108,"column":24},"end":{"line":108,"column":30}},"57":{"start":{"line":111,"column":24},"end":{"line":111,"column":74}},"58":{"start":{"line":114,"column":16},"end":{"line":114,"column":73}},"59":{"start":{"line":115,"column":16},"end":{"line":115,"column":97}},"60":{"start":{"line":119,"column":8},"end":{"line":124,"column":11}},"61":{"start":{"line":120,"column":12},"end":{"line":120,"column":134}},"62":{"start":{"line":121,"column":12},"end":{"line":123,"column":13}},"63":{"start":{"line":122,"column":16},"end":{"line":122,"column":111}},"64":{"start":{"line":126,"column":8},"end":{"line":128,"column":11}},"65":{"start":{"line":127,"column":12},"end":{"line":127,"column":55}},"66":{"start":{"line":131,"column":4},"end":{"line":133,"column":7}},"67":{"start":{"line":132,"column":8},"end":{"line":132,"column":41}},"68":{"start":{"line":138,"column":4},"end":{"line":143,"column":5}},"69":{"start":{"line":139,"column":8},"end":{"line":139,"column":53}},"70":{"start":{"line":140,"column":8},"end":{"line":142,"column":9}},"71":{"start":{"line":141,"column":12},"end":{"line":141,"column":41}},"72":{"start":{"line":148,"column":25},"end":{"line":148,"column":88}},"73":{"start":{"line":150,"column":4},"end":{"line":160,"column":5}},"74":{"start":{"line":152,"column":8},"end":{"line":152,"column":75}},"75":{"start":{"line":153,"column":8},"end":{"line":158,"column":11}},"76":{"start":{"line":159,"column":8},"end":{"line":159,"column":37}},"77":{"start":{"line":165,"column":23},"end":{"line":165,"column":46}},"78":{"start":{"line":166,"column":4},"end":{"line":170,"column":7}},"79":{"start":{"line":167,"column":8},"end":{"line":169,"column":9}},"80":{"start":{"line":168,"column":12},"end":{"line":168,"column":36}},"81":{"start":{"line":171,"column":4},"end":{"line":171,"column":105}},"82":{"start":{"line":175,"column":45},"end":{"line":175,"column":49}},"83":{"start":{"line":178,"column":4},"end":{"line":182,"column":5}},"84":{"start":{"line":179,"column":8},"end":{"line":179,"column":59}},"85":{"start":{"line":180,"column":8},"end":{"line":180,"column":83}},"86":{"start":{"line":181,"column":8},"end":{"line":181,"column":15}},"87":{"start":{"line":185,"column":28},"end":{"line":185,"column":94}},"88":{"start":{"line":187,"column":4},"end":{"line":189,"column":5}},"89":{"start":{"line":188,"column":8},"end":{"line":188,"column":51}},"90":{"start":{"line":191,"column":20},"end":{"line":191,"column":51}},"91":{"start":{"line":193,"column":4},"end":{"line":197,"column":7}},"92":{"start":{"line":199,"column":4},"end":{"line":199,"column":23}},"93":{"start":{"line":200,"column":4},"end":{"line":200,"column":37}},"94":{"start":{"line":203,"column":4},"end":{"line":205,"column":5}},"95":{"start":{"line":204,"column":8},"end":{"line":204,"column":45}},"96":{"start":{"line":206,"column":4},"end":{"line":206,"column":46}},"97":{"start":{"line":209,"column":4},"end":{"line":226,"column":5}},"98":{"start":{"line":210,"column":25},"end":{"line":210,"column":100}},"99":{"start":{"line":211,"column":8},"end":{"line":222,"column":9}},"100":{"start":{"line":212,"column":12},"end":{"line":217,"column":16}},"101":{"start":{"line":218,"column":12},"end":{"line":218,"column":115}},"102":{"start":{"line":220,"column":12},"end":{"line":220,"column":62}},"103":{"start":{"line":221,"column":12},"end":{"line":221,"column":86}},"104":{"start":{"line":224,"column":8},"end":{"line":224,"column":57}},"105":{"start":{"line":225,"column":8},"end":{"line":225,"column":88}},"106":{"start":{"line":229,"column":4},"end":{"line":235,"column":7}},"107":{"start":{"line":238,"column":4},"end":{"line":246,"column":5}},"108":{"start":{"line":239,"column":8},"end":{"line":239,"column":85}},"109":{"start":{"line":240,"column":8},"end":{"line":245,"column":11}},"110":{"start":{"line":249,"column":18},"end":{"line":251,"column":73}},"111":{"start":{"line":250,"column":33},"end":{"line":250,"column":47}},"112":{"start":{"line":251,"column":31},"end":{"line":251,"column":71}},"113":{"start":{"line":253,"column":4},"end":{"line":257,"column":8}},"114":{"start":{"line":259,"column":4},"end":{"line":259,"column":113}},"115":{"start":{"line":263,"column":76},"end":{"line":263,"column":80}},"116":{"start":{"line":266,"column":4},"end":{"line":269,"column":5}},"117":{"start":{"line":267,"column":8},"end":{"line":267,"column":74}},"118":{"start":{"line":268,"column":8},"end":{"line":268,"column":91}},"119":{"start":{"line":272,"column":4},"end":{"line":279,"column":5}},"120":{"start":{"line":273,"column":8},"end":{"line":276,"column":10}},"121":{"start":{"line":278,"column":8},"end":{"line":278,"column":58}},"122":{"start":{"line":282,"column":4},"end":{"line":291,"column":7}},"123":{"start":{"line":295,"column":4},"end":{"line":295,"column":64}},"124":{"start":{"line":295,"column":57},"end":{"line":295,"column":64}},"125":{"start":{"line":297,"column":20},"end":{"line":297,"column":51}},"126":{"start":{"line":298,"column":21},"end":{"line":298,"column":40}},"127":{"start":{"line":299,"column":21},"end":{"line":299,"column":49}},"128":{"start":{"line":301,"column":4},"end":{"line":301,"column":27}},"129":{"start":{"line":304,"column":4},"end":{"line":310,"column":7}},"130":{"start":{"line":312,"column":4},"end":{"line":314,"column":5}},"131":{"start":{"line":313,"column":8},"end":{"line":313,"column":43}},"132":{"start":{"line":317,"column":4},"end":{"line":317,"column":62}},"133":{"start":{"line":320,"column":25},"end":{"line":320,"column":88}},"134":{"start":{"line":321,"column":4},"end":{"line":329,"column":5}},"135":{"start":{"line":322,"column":8},"end":{"line":322,"column":75}},"136":{"start":{"line":323,"column":8},"end":{"line":328,"column":11}},"137":{"start":{"line":331,"column":4},"end":{"line":331,"column":145}},"138":{"start":{"line":335,"column":4},"end":{"line":335,"column":49}},"139":{"start":{"line":335,"column":42},"end":{"line":335,"column":49}},"140":{"start":{"line":337,"column":20},"end":{"line":337,"column":51}},"141":{"start":{"line":338,"column":23},"end":{"line":338,"column":46}},"142":{"start":{"line":340,"column":4},"end":{"line":345,"column":5}},"143":{"start":{"line":341,"column":23},"end":{"line":341,"column":34}},"144":{"start":{"line":342,"column":8},"end":{"line":344,"column":9}},"145":{"start":{"line":343,"column":12},"end":{"line":343,"column":36}},"146":{"start":{"line":348,"column":0},"end":{"line":350,"column":2}}},"fnMap":{"0":{"name":"setupWebSocket","decl":{"start":{"line":4,"column":9},"end":{"line":4,"column":23}},"loc":{"start":{"line":4,"column":33},"end":{"line":134,"column":1}},"line":4},"1":{"name":"(anonymous_1)","decl":{"start":{"line":10,"column":42},"end":{"line":10,"column":43}},"loc":{"start":{"line":10,"column":48},"end":{"line":38,"column":5}},"line":10},"2":{"name":"(anonymous_2)","decl":{"start":{"line":40,"column":25},"end":{"line":40,"column":26}},"loc":{"start":{"line":40,"column":38},"end":{"line":129,"column":5}},"line":40},"3":{"name":"(anonymous_3)","decl":{"start":{"line":50,"column":25},"end":{"line":50,"column":26}},"loc":{"start":{"line":50,"column":44},"end":{"line":117,"column":9}},"line":50},"4":{"name":"(anonymous_4)","decl":{"start":{"line":119,"column":23},"end":{"line":119,"column":24}},"loc":{"start":{"line":119,"column":41},"end":{"line":124,"column":9}},"line":119},"5":{"name":"(anonymous_5)","decl":{"start":{"line":126,"column":23},"end":{"line":126,"column":24}},"loc":{"start":{"line":126,"column":34},"end":{"line":128,"column":9}},"line":126},"6":{"name":"(anonymous_6)","decl":{"start":{"line":131,"column":20},"end":{"line":131,"column":21}},"loc":{"start":{"line":131,"column":26},"end":{"line":133,"column":5}},"line":131},"7":{"name":"removeUserFromDocument","decl":{"start":{"line":137,"column":9},"end":{"line":137,"column":31}},"loc":{"start":{"line":137,"column":67},"end":{"line":144,"column":1}},"line":137},"8":{"name":"checkAndBroadcastGlobalStatus","decl":{"start":{"line":147,"column":9},"end":{"line":147,"column":38}},"loc":{"start":{"line":147,"column":77},"end":{"line":161,"column":1}},"line":147},"9":{"name":"broadcastToAllClients","decl":{"start":{"line":164,"column":9},"end":{"line":164,"column":30}},"loc":{"start":{"line":164,"column":45},"end":{"line":172,"column":1}},"line":164},"10":{"name":"(anonymous_10)","decl":{"start":{"line":166,"column":24},"end":{"line":166,"column":25}},"loc":{"start":{"line":166,"column":36},"end":{"line":170,"column":5}},"line":166},"11":{"name":"handleJoinDocument","decl":{"start":{"line":174,"column":15},"end":{"line":174,"column":33}},"loc":{"start":{"line":174,"column":85},"end":{"line":260,"column":1}},"line":174},"12":{"name":"(anonymous_12)","decl":{"start":{"line":250,"column":16},"end":{"line":250,"column":17}},"loc":{"start":{"line":250,"column":33},"end":{"line":250,"column":47}},"line":250},"13":{"name":"(anonymous_13)","decl":{"start":{"line":251,"column":13},"end":{"line":251,"column":14}},"loc":{"start":{"line":251,"column":31},"end":{"line":251,"column":71}},"line":251},"14":{"name":"handleTextUpdate","decl":{"start":{"line":262,"column":15},"end":{"line":262,"column":31}},"loc":{"start":{"line":262,"column":63},"end":{"line":292,"column":1}},"line":262},"15":{"name":"handleLeaveDocument","decl":{"start":{"line":294,"column":9},"end":{"line":294,"column":28}},"loc":{"start":{"line":294,"column":90},"end":{"line":332,"column":1}},"line":294},"16":{"name":"broadcastToDocumentClients","decl":{"start":{"line":334,"column":9},"end":{"line":334,"column":35}},"loc":{"start":{"line":334,"column":84},"end":{"line":346,"column":1}},"line":334}},"branchMap":{"0":{"loc":{"start":{"line":15,"column":16},"end":{"line":32,"column":17}},"type":"if","locations":[{"start":{"line":15,"column":16},"end":{"line":32,"column":17}},{"start":{},"end":{}}],"line":15},"1":{"loc":{"start":{"line":34,"column":12},"end":{"line":36,"column":13}},"type":"if","locations":[{"start":{"line":34,"column":12},"end":{"line":36,"column":13}},{"start":{},"end":{}}],"line":34},"2":{"loc":{"start":{"line":55,"column":16},"end":{"line":112,"column":17}},"type":"switch","locations":[{"start":{"line":56,"column":20},"end":{"line":64,"column":30}},{"start":{"line":66,"column":20},"end":{"line":78,"column":30}},{"start":{"line":80,"column":20},"end":{"line":82,"column":30}},{"start":{"line":84,"column":20},"end":{"line":93,"column":30}},{"start":{"line":95,"column":20},"end":{"line":103,"column":30}},{"start":{"line":105,"column":20},"end":{"line":108,"column":30}},{"start":{"line":110,"column":20},"end":{"line":111,"column":74}}],"line":55},"3":{"loc":{"start":{"line":58,"column":42},"end":{"line":58,"column":65}},"type":"binary-expr","locations":[{"start":{"line":58,"column":42},"end":{"line":58,"column":55}},{"start":{"line":58,"column":59},"end":{"line":58,"column":65}}],"line":58},"4":{"loc":{"start":{"line":72,"column":46},"end":{"line":72,"column":69}},"type":"binary-expr","locations":[{"start":{"line":72,"column":46},"end":{"line":72,"column":59}},{"start":{"line":72,"column":63},"end":{"line":72,"column":69}}],"line":72},"5":{"loc":{"start":{"line":96,"column":24},"end":{"line":101,"column":25}},"type":"if","locations":[{"start":{"line":96,"column":24},"end":{"line":101,"column":25}},{"start":{},"end":{}}],"line":96},"6":{"loc":{"start":{"line":96,"column":28},"end":{"line":96,"column":104}},"type":"binary-expr","locations":[{"start":{"line":96,"column":28},"end":{"line":96,"column":45}},{"start":{"line":96,"column":49},"end":{"line":96,"column":62}},{"start":{"line":96,"column":66},"end":{"line":96,"column":104}}],"line":96},"7":{"loc":{"start":{"line":98,"column":28},"end":{"line":100,"column":29}},"type":"if","locations":[{"start":{"line":98,"column":28},"end":{"line":100,"column":29}},{"start":{},"end":{}}],"line":98},"8":{"loc":{"start":{"line":120,"column":109},"end":{"line":120,"column":130}},"type":"binary-expr","locations":[{"start":{"line":120,"column":109},"end":{"line":120,"column":115}},{"start":{"line":120,"column":119},"end":{"line":120,"column":130}}],"line":120},"9":{"loc":{"start":{"line":121,"column":12},"end":{"line":123,"column":13}},"type":"if","locations":[{"start":{"line":121,"column":12},"end":{"line":123,"column":13}},{"start":{},"end":{}}],"line":121},"10":{"loc":{"start":{"line":121,"column":16},"end":{"line":121,"column":50}},"type":"binary-expr","locations":[{"start":{"line":121,"column":16},"end":{"line":121,"column":33}},{"start":{"line":121,"column":37},"end":{"line":121,"column":50}}],"line":121},"11":{"loc":{"start":{"line":138,"column":4},"end":{"line":143,"column":5}},"type":"if","locations":[{"start":{"line":138,"column":4},"end":{"line":143,"column":5}},{"start":{},"end":{}}],"line":138},"12":{"loc":{"start":{"line":140,"column":8},"end":{"line":142,"column":9}},"type":"if","locations":[{"start":{"line":140,"column":8},"end":{"line":142,"column":9}},{"start":{},"end":{}}],"line":140},"13":{"loc":{"start":{"line":148,"column":25},"end":{"line":148,"column":88}},"type":"binary-expr","locations":[{"start":{"line":148,"column":25},"end":{"line":148,"column":50}},{"start":{"line":148,"column":54},"end":{"line":148,"column":88}}],"line":148},"14":{"loc":{"start":{"line":150,"column":4},"end":{"line":160,"column":5}},"type":"if","locations":[{"start":{"line":150,"column":4},"end":{"line":160,"column":5}},{"start":{},"end":{}}],"line":150},"15":{"loc":{"start":{"line":167,"column":8},"end":{"line":169,"column":9}},"type":"if","locations":[{"start":{"line":167,"column":8},"end":{"line":169,"column":9}},{"start":{},"end":{}}],"line":167},"16":{"loc":{"start":{"line":178,"column":4},"end":{"line":182,"column":5}},"type":"if","locations":[{"start":{"line":178,"column":4},"end":{"line":182,"column":5}},{"start":{},"end":{}}],"line":178},"17":{"loc":{"start":{"line":178,"column":8},"end":{"line":178,"column":52}},"type":"binary-expr","locations":[{"start":{"line":178,"column":8},"end":{"line":178,"column":19}},{"start":{"line":178,"column":23},"end":{"line":178,"column":52}}],"line":178},"18":{"loc":{"start":{"line":185,"column":28},"end":{"line":185,"column":94}},"type":"binary-expr","locations":[{"start":{"line":185,"column":28},"end":{"line":185,"column":54}},{"start":{"line":185,"column":58},"end":{"line":185,"column":94}}],"line":185},"19":{"loc":{"start":{"line":187,"column":4},"end":{"line":189,"column":5}},"type":"if","locations":[{"start":{"line":187,"column":4},"end":{"line":189,"column":5}},{"start":{},"end":{}}],"line":187},"20":{"loc":{"start":{"line":195,"column":18},"end":{"line":195,"column":36}},"type":"binary-expr","locations":[{"start":{"line":195,"column":18},"end":{"line":195,"column":26}},{"start":{"line":195,"column":30},"end":{"line":195,"column":36}}],"line":195},"21":{"loc":{"start":{"line":200,"column":18},"end":{"line":200,"column":36}},"type":"binary-expr","locations":[{"start":{"line":200,"column":18},"end":{"line":200,"column":26}},{"start":{"line":200,"column":30},"end":{"line":200,"column":36}}],"line":200},"22":{"loc":{"start":{"line":203,"column":4},"end":{"line":205,"column":5}},"type":"if","locations":[{"start":{"line":203,"column":4},"end":{"line":205,"column":5}},{"start":{},"end":{}}],"line":203},"23":{"loc":{"start":{"line":211,"column":8},"end":{"line":222,"column":9}},"type":"if","locations":[{"start":{"line":211,"column":8},"end":{"line":222,"column":9}},{"start":{"line":219,"column":15},"end":{"line":222,"column":9}}],"line":211},"24":{"loc":{"start":{"line":214,"column":25},"end":{"line":214,"column":47}},"type":"binary-expr","locations":[{"start":{"line":214,"column":25},"end":{"line":214,"column":41}},{"start":{"line":214,"column":45},"end":{"line":214,"column":47}}],"line":214},"25":{"loc":{"start":{"line":215,"column":25},"end":{"line":215,"column":46}},"type":"binary-expr","locations":[{"start":{"line":215,"column":25},"end":{"line":215,"column":41}},{"start":{"line":215,"column":45},"end":{"line":215,"column":46}}],"line":215},"26":{"loc":{"start":{"line":216,"column":23},"end":{"line":216,"column":51}},"type":"binary-expr","locations":[{"start":{"line":216,"column":23},"end":{"line":216,"column":37}},{"start":{"line":216,"column":41},"end":{"line":216,"column":51}}],"line":216},"27":{"loc":{"start":{"line":218,"column":82},"end":{"line":218,"column":111}},"type":"binary-expr","locations":[{"start":{"line":218,"column":82},"end":{"line":218,"column":106}},{"start":{"line":218,"column":110},"end":{"line":218,"column":111}}],"line":218},"28":{"loc":{"start":{"line":232,"column":18},"end":{"line":232,"column":36}},"type":"binary-expr","locations":[{"start":{"line":232,"column":18},"end":{"line":232,"column":26}},{"start":{"line":232,"column":30},"end":{"line":232,"column":36}}],"line":232},"29":{"loc":{"start":{"line":238,"column":4},"end":{"line":246,"column":5}},"type":"if","locations":[{"start":{"line":238,"column":4},"end":{"line":246,"column":5}},{"start":{},"end":{}}],"line":238},"30":{"loc":{"start":{"line":243,"column":22},"end":{"line":243,"column":40}},"type":"binary-expr","locations":[{"start":{"line":243,"column":22},"end":{"line":243,"column":30}},{"start":{"line":243,"column":34},"end":{"line":243,"column":40}}],"line":243},"31":{"loc":{"start":{"line":266,"column":4},"end":{"line":269,"column":5}},"type":"if","locations":[{"start":{"line":266,"column":4},"end":{"line":269,"column":5}},{"start":{},"end":{}}],"line":266},"32":{"loc":{"start":{"line":266,"column":8},"end":{"line":266,"column":29}},"type":"binary-expr","locations":[{"start":{"line":266,"column":8},"end":{"line":266,"column":19}},{"start":{"line":266,"column":23},"end":{"line":266,"column":29}}],"line":266},"33":{"loc":{"start":{"line":268,"column":69},"end":{"line":268,"column":89}},"type":"binary-expr","locations":[{"start":{"line":268,"column":69},"end":{"line":268,"column":84}},{"start":{"line":268,"column":88},"end":{"line":268,"column":89}}],"line":268},"34":{"loc":{"start":{"line":295,"column":4},"end":{"line":295,"column":64}},"type":"if","locations":[{"start":{"line":295,"column":4},"end":{"line":295,"column":64}},{"start":{},"end":{}}],"line":295},"35":{"loc":{"start":{"line":295,"column":8},"end":{"line":295,"column":55}},"type":"binary-expr","locations":[{"start":{"line":295,"column":8},"end":{"line":295,"column":19}},{"start":{"line":295,"column":23},"end":{"line":295,"column":55}}],"line":295},"36":{"loc":{"start":{"line":299,"column":21},"end":{"line":299,"column":49}},"type":"binary-expr","locations":[{"start":{"line":299,"column":21},"end":{"line":299,"column":39}},{"start":{"line":299,"column":43},"end":{"line":299,"column":49}}],"line":299},"37":{"loc":{"start":{"line":312,"column":4},"end":{"line":314,"column":5}},"type":"if","locations":[{"start":{"line":312,"column":4},"end":{"line":314,"column":5}},{"start":{},"end":{}}],"line":312},"38":{"loc":{"start":{"line":320,"column":25},"end":{"line":320,"column":88}},"type":"binary-expr","locations":[{"start":{"line":320,"column":25},"end":{"line":320,"column":50}},{"start":{"line":320,"column":54},"end":{"line":320,"column":88}}],"line":320},"39":{"loc":{"start":{"line":321,"column":4},"end":{"line":329,"column":5}},"type":"if","locations":[{"start":{"line":321,"column":4},"end":{"line":329,"column":5}},{"start":{},"end":{}}],"line":321},"40":{"loc":{"start":{"line":335,"column":4},"end":{"line":335,"column":49}},"type":"if","locations":[{"start":{"line":335,"column":4},"end":{"line":335,"column":49}},{"start":{},"end":{}}],"line":335},"41":{"loc":{"start":{"line":342,"column":8},"end":{"line":344,"column":9}},"type":"if","locations":[{"start":{"line":342,"column":8},"end":{"line":344,"column":9}},{"start":{},"end":{}}],"line":342},"42":{"loc":{"start":{"line":342,"column":12},"end":{"line":342,"column":68}},"type":"binary-expr","locations":[{"start":{"line":342,"column":12},"end":{"line":342,"column":31}},{"start":{"line":342,"column":35},"end":{"line":342,"column":68}}],"line":342}},"s":{"0":0,"1":0,"2":0,"3":0,"4":0,"5":0,"6":0,"7":0,"8":0,"9":0,"10":0,"11":0,"12":0,"13":0,"14":0,"15":0,"16":0,"17":0,"18":0,"19":0,"20":0,"21":0,"22":0,"23":0,"24":0,"25":0,"26":0,"27":0,"28":0,"29":0,"30":0,"31":0,"32":0,"33":0,"34":0,"35":0,"36":0,"37":0,"38":0,"39":0,"40":0,"41":0,"42":0,"43":0,"44":0,"45":0,"46":0,"47":0,"48":0,"49":0,"50":0,"51":0,"52":0,"53":0,"54":0,"55":0,"56":0,"57":0,"58":0,"59":0,"60":0,"61":0,"62":0,"63":0,"64":0,"65":0,"66":0,"67":0,"68":0,"69":0,"70":0,"71":0,"72":0,"73":0,"74":0,"75":0,"76":0,"77":0,"78":0,"79":0,"80":0,"81":0,"82":0,"83":0,"84":0,"85":0,"86":0,"87":0,"88":0,"89":0,"90":0,"91":0,"92":0,"93":0,"94":0,"95":0,"96":0,"97":0,"98":0,"99":0,"100":0,"101":0,"102":0,"103":0,"104":0,"105":0,"106":0,"107":0,"108":0,"109":0,"110":0,"111":0,"112":0,"113":0,"114":0,"115":0,"116":0,"117":0,"118":0,"119":0,"120":0,"121":0,"122":0,"123":0,"124":0,"125":0,"126":0,"127":0,"128":0,"129":0,"130":0,"131":0,"132":0,"133":0,"134":0,"135":0,"136":0,"137":0,"138":0,"139":0,"140":0,"141":0,"142":0,"143":0,"144":0,"145":0,"146":0},"f":{"0":0,"1":0,"2":0,"3":0,"4":0,"5":0,"6":0,"7":0,"8":0,"9":0,"10":0,"11":0,"12":0,"13":0,"14":0,"15":0,"16":0},"b":{"0":[0,0],"1":[0,0],"2":[0,0,0,0,0,0,0],"3":[0,0],"4":[0,0],"5":[0,0],"6":[0,0,0],"7":[0,0],"8":[0,0],"9":[0,0],"10":[0,0],"11":[0,0],"12":[0,0],"13":[0,0],"14":[0,0],"15":[0,0],"16":[0,0],"17":[0,0],"18":[0,0],"19":[0,0],"20":[0,0],"21":[0,0],"22":[0,0],"23":[0,0],"24":[0,0],"25":[0,0],"26":[0,0],"27":[0,0],"28":[0,0],"29":[0,0],"30":[0,0],"31":[0,0],"32":[0,0],"33":[0,0],"34":[0,0],"35":[0,0],"36":[0,0],"37":[0,0],"38":[0,0],"39":[0,0],"40":[0,0],"41":[0,0],"42":[0,0]}}
}
